<?xml version="1.0" encoding="UTF-8"?>
<testsuites name="add_to_delete_user" time="158" tests="1" failures="1" errors="1">
   <testsuite name="add_to_delete_user" tests="1" failures="1" errors="1" time="158" timestamp="2019-06-07 13:54:15" hostname="Khenard Figuracion - 192.168.2.13" id="Test Suites/Human_Resources/add_to_delete_user">
      <properties>
         <property name="deviceName" value=""/>
         <property name="devicePlatform" value=""/>
         <property name="logFolder" value="C:\\Users\\Khenard Figuracion\\git\\healthcareProject-neww\\Reports\\Human_Resources\\add_to_delete_user\\20190607_135413"/>
         <property name="logFiles" value="C:\\Users\\Khenard Figuracion\\git\\healthcareProject-neww\\Reports\\Human_Resources\\add_to_delete_user\\20190607_135413\\execution0.log"/>
         <property name="attachments" value="C:\\Users\\Khenard Figuracion\\git\\healthcareProject-neww\\Reports\\Human_Resources\\add_to_delete_user\\20190607_135413\\1559886976410.png, C:\\Users\\Khenard Figuracion\\git\\healthcareProject-neww\\Reports\\Human_Resources\\add_to_delete_user\\20190607_135413\\1559887013144.png"/>
         <property name="hostName" value="Khenard Figuracion - 192.168.2.13"/>
         <property name="os" value="Windows 10 64bit"/>
         <property name="katalonVersion" value="6.0.6.4"/>
         <property name="browser" value="Chrome 74.0.3729.169"/>
         <property name="hostAddress" value="192.168.2.13"/>
         <property name="sessionId" value="123ccc5119cd861d04b4e985da41527d"/>
         <property name="seleniumVersion" value="3.7.1"/>
         <property name="proxyInformation" value="ProxyInformation{proxyOption=NO_PROXY, proxyServerType=HTTP, password=, proxyServerAddress=, proxyServerPort=0}"/>
         <property name="platform" value="Windows 10"/>
      </properties>
      <testcase name="Test Cases/Login_Accounts/login_superagent" classname="Test Cases/Login_Accounts/login_superagent" status="PASSED">
         <system-out><![CDATA[2019-06-07 13:54:16 - [TEST_CASE][PASSED] - Test Cases/Login_Accounts/login_superagent: Test Cases/Login_Accounts/login_superagent

2019-06-07 13:54:16 - [TEST_STEP][PASSED] - openBrowser(""): Browser is opened with url: ''

2019-06-07 13:54:16 - [MESSAGE][INFO] - Starting 'Chrome' driver

2019-06-07 13:54:16 - [MESSAGE][INFO] - User set preference: ['args', '[--no-sandbox]']

2019-06-07 13:54:16 - [MESSAGE][INFO] - Action delay is set to 0 seconds

2019-06-07 13:54:21 - [MESSAGE][PASSED] - Browser is opened with url: ''

2019-06-07 13:54:21 - [TEST_STEP][PASSED] - navigateToUrl("https://qa.medisource.com/login"): Navigate to 'https://qa.medisource.com/login' successfully

2019-06-07 13:54:25 - [MESSAGE][PASSED] - Navigate to 'https://qa.medisource.com/login' successfully

2019-06-07 13:54:25 - [TEST_STEP][PASSED] - setText(findTestObject("LogIn/username"), "superagent@intermed"): Text 'superagent@intermed' is set on object 'Object Repository/LogIn/username'

2019-06-07 13:54:25 - [MESSAGE][PASSED] - Text 'superagent@intermed' is set on object 'Object Repository/LogIn/username'

2019-06-07 13:54:25 - [TEST_STEP][PASSED] - setEncryptedText(findTestObject("LogIn/password"), "SITHpLWAWtI8C4F8RIujvA=="): Text ****** has been set on object 'Object Repository/LogIn/password'

2019-06-07 13:54:25 - [MESSAGE][PASSED] - Text ****** has been set on object 'Object Repository/LogIn/password'

2019-06-07 13:54:25 - [TEST_STEP][PASSED] - click(findTestObject("LogIn/login_button")): Object: 'Object Repository/LogIn/login_button' is clicked on

2019-06-07 13:54:25 - [MESSAGE][PASSED] - Object: 'Object Repository/LogIn/login_button' is clicked on

2019-06-07 13:54:25 - [TEST_STEP][PASSED] - delay(5): Delayed 5 second(s)

2019-06-07 13:54:30 - [MESSAGE][PASSED] - Delayed 5 second(s)

2019-06-07 13:54:30 - [TEST_STEP][PASSED] - delay(3): Delayed 3 second(s)

2019-06-07 13:54:33 - [MESSAGE][PASSED] - Delayed 3 second(s)]]></system-out>
         <system-err><![CDATA[]]></system-err>
      </testcase>
      <testcase name="Test Cases/Human_Resources/add_user" classname="Test Cases/Human_Resources/add_user" status="ERROR">
         <error type="ERROR" message="Test Cases/Human_Resources/add_user FAILED.
Reason:
com.kms.katalon.core.exception.KatalonRuntimeException: Could not evaluate default value for variable: date_today of profile: default. Details: No such property: current for class: Script12
	at com.kms.katalon.core.main.TestCaseMain.getGlobalVariables(TestCaseMain.java:186)
	at com.kms.katalon.core.main.TestCaseMain$getGlobalVariables$1.call(Unknown Source)
	at internal.GlobalVariable.&lt;clinit>(GlobalVariable.groovy:75)
	at add_user.run(add_user:79)
	at com.kms.katalon.core.main.ScriptEngine.run(ScriptEngine.java:194)
	at com.kms.katalon.core.main.ScriptEngine.runScriptAsRawText(ScriptEngine.java:119)
	at com.kms.katalon.core.main.TestCaseExecutor.runScript(TestCaseExecutor.java:331)
	at com.kms.katalon.core.main.TestCaseExecutor.doExecute(TestCaseExecutor.java:322)
	at com.kms.katalon.core.main.TestCaseExecutor.processExecutionPhase(TestCaseExecutor.java:301)
	at com.kms.katalon.core.main.TestCaseExecutor.accessMainPhase(TestCaseExecutor.java:293)
	at com.kms.katalon.core.main.TestCaseExecutor.execute(TestCaseExecutor.java:227)
	at com.kms.katalon.core.main.TestSuiteExecutor.accessTestCaseMainPhase(TestSuiteExecutor.java:129)
	at com.kms.katalon.core.main.TestSuiteExecutor.accessTestSuiteMainPhase(TestSuiteExecutor.java:112)
	at com.kms.katalon.core.main.TestSuiteExecutor.execute(TestSuiteExecutor.java:81)
	at com.kms.katalon.core.main.TestCaseMain.startTestSuite(TestCaseMain.java:157)
	at com.kms.katalon.core.main.TestCaseMain$startTestSuite$0.call(Unknown Source)
	at TempTestSuite1559886854234.run(TempTestSuite1559886854234.groovy:35)
Caused by: groovy.lang.MissingPropertyException: No such property: current for class: Script12
	at Script12.run(Script12.groovy:1)
	at com.kms.katalon.core.main.ScriptEngine.runScriptWithoutLogging(ScriptEngine.java:105)
	at com.kms.katalon.core.main.TestCaseMain.getGlobalVariables(TestCaseMain.java:184)
	at com.kms.katalon.core.main.TestCaseMain$getGlobalVariables$1.call(Unknown Source)
	at internal.GlobalVariable.&lt;clinit>(GlobalVariable.groovy:75)
	at Script1559801124315.run(Script1559801124315.groovy:79)
	... 13 more
"/>
         <system-out><![CDATA[2019-06-07 13:54:33 - [TEST_CASE][ERROR] - Test Cases/Human_Resources/add_user: Test Cases/Human_Resources/add_user FAILED.
Reason:
com.kms.katalon.core.exception.KatalonRuntimeException: Could not evaluate default value for variable: date_today of profile: default. Details: No such property: current for class: Script12
	at com.kms.katalon.core.main.TestCaseMain.getGlobalVariables(TestCaseMain.java:186)
	at com.kms.katalon.core.main.TestCaseMain$getGlobalVariables$1.call(Unknown Source)
	at internal.GlobalVariable.<clinit>(GlobalVariable.groovy:75)
	at add_user.run(add_user:79)
	at com.kms.katalon.core.main.ScriptEngine.run(ScriptEngine.java:194)
	at com.kms.katalon.core.main.ScriptEngine.runScriptAsRawText(ScriptEngine.java:119)
	at com.kms.katalon.core.main.TestCaseExecutor.runScript(TestCaseExecutor.java:331)
	at com.kms.katalon.core.main.TestCaseExecutor.doExecute(TestCaseExecutor.java:322)
	at com.kms.katalon.core.main.TestCaseExecutor.processExecutionPhase(TestCaseExecutor.java:301)
	at com.kms.katalon.core.main.TestCaseExecutor.accessMainPhase(TestCaseExecutor.java:293)
	at com.kms.katalon.core.main.TestCaseExecutor.execute(TestCaseExecutor.java:227)
	at com.kms.katalon.core.main.TestSuiteExecutor.accessTestCaseMainPhase(TestSuiteExecutor.java:129)
	at com.kms.katalon.core.main.TestSuiteExecutor.accessTestSuiteMainPhase(TestSuiteExecutor.java:112)
	at com.kms.katalon.core.main.TestSuiteExecutor.execute(TestSuiteExecutor.java:81)
	at com.kms.katalon.core.main.TestCaseMain.startTestSuite(TestCaseMain.java:157)
	at com.kms.katalon.core.main.TestCaseMain$startTestSuite$0.call(Unknown Source)
	at TempTestSuite1559886854234.run(TempTestSuite1559886854234.groovy:35)
Caused by: groovy.lang.MissingPropertyException: No such property: current for class: Script12
	at Script12.run(Script12.groovy:1)
	at com.kms.katalon.core.main.ScriptEngine.runScriptWithoutLogging(ScriptEngine.java:105)
	at com.kms.katalon.core.main.TestCaseMain.getGlobalVariables(TestCaseMain.java:184)
	at com.kms.katalon.core.main.TestCaseMain$getGlobalVariables$1.call(Unknown Source)
	at internal.GlobalVariable.<clinit>(GlobalVariable.groovy:75)
	at Script1559801124315.run(Script1559801124315.groovy:79)
	... 13 more


2019-06-07 13:54:34 - [TEST_STEP][PASSED] - navigateToUrl("https://qa.medisource.com/members/create"): Navigate to 'https://qa.medisource.com/members/create' successfully

2019-06-07 13:54:34 - [MESSAGE][PASSED] - Navigate to 'https://qa.medisource.com/members/create' successfully

2019-06-07 13:54:34 - [TEST_STEP][PASSED] - delay(5): Delayed 5 second(s)

2019-06-07 13:54:39 - [MESSAGE][PASSED] - Delayed 5 second(s)

2019-06-07 13:54:39 - [TEST_STEP][PASSED] - today = new java.util.Date(): null

2019-06-07 13:54:39 - [TEST_STEP][PASSED] - randomnum = today.format("HHmmss"): null

2019-06-07 13:54:39 - [TEST_STEP][PASSED] - setText(findTestObject("addUser/Page_Medisource  Main/input_First Name_firstname"), "User " + randomnum): Text 'User 135439' is set on object 'Object Repository/addUser/Page_Medisource  Main/input_First Name_firstname'

2019-06-07 13:54:40 - [MESSAGE][PASSED] - Text 'User 135439' is set on object 'Object Repository/addUser/Page_Medisource  Main/input_First Name_firstname'

2019-06-07 13:54:40 - [TEST_STEP][PASSED] - setText(findTestObject("addUser/Page_Medisource  Main/input_Last Name_lastname"), "Automated"): Text 'Automated' is set on object 'Object Repository/addUser/Page_Medisource  Main/input_Last Name_lastname'

2019-06-07 13:54:40 - [MESSAGE][PASSED] - Text 'Automated' is set on object 'Object Repository/addUser/Page_Medisource  Main/input_Last Name_lastname'

2019-06-07 13:54:40 - [TEST_STEP][PASSED] - setText(findTestObject("addUser/Page_Medisource  Main/input_Middle Initial_mi"), "I"): Text 'I' is set on object 'Object Repository/addUser/Page_Medisource  Main/input_Middle Initial_mi'

2019-06-07 13:54:41 - [MESSAGE][PASSED] - Text 'I' is set on object 'Object Repository/addUser/Page_Medisource  Main/input_Middle Initial_mi'

2019-06-07 13:54:41 - [TEST_STEP][PASSED] - setText(findTestObject("addUser/Page_Medisource  Main/input_Suffix_suffix"), "Jr."): Text 'Jr.' is set on object 'Object Repository/addUser/Page_Medisource  Main/input_Suffix_suffix'

2019-06-07 13:54:41 - [MESSAGE][PASSED] - Text 'Jr.' is set on object 'Object Repository/addUser/Page_Medisource  Main/input_Suffix_suffix'

2019-06-07 13:54:41 - [TEST_STEP][PASSED] - click(findTestObject("addUser/Page_Medisource  Main/input_Female_gender2"), STOP_ON_FAILURE): Object: 'Object Repository/addUser/Page_Medisource  Main/input_Female_gender2' is clicked on

2019-06-07 13:54:41 - [MESSAGE][PASSED] - Object: 'Object Repository/addUser/Page_Medisource  Main/input_Female_gender2' is clicked on

2019-06-07 13:54:41 - [TEST_STEP][PASSED] - setText(findTestObject("addUser/user_bdate"), "02071997"): Text '02071997' is set on object 'Object Repository/addUser/user_bdate'

2019-06-07 13:54:41 - [MESSAGE][PASSED] - Text '02071997' is set on object 'Object Repository/addUser/user_bdate'

2019-06-07 13:54:41 - [TEST_STEP][PASSED] - click(findTestObject("addUser/user_race_dd"), STOP_ON_FAILURE): Object: 'Object Repository/addUser/user_race_dd' is clicked on

2019-06-07 13:54:41 - [MESSAGE][PASSED] - Object: 'Object Repository/addUser/user_race_dd' is clicked on

2019-06-07 13:54:41 - [TEST_STEP][PASSED] - sendKeys(findTestObject("addUser/user_race_tf"), Keys.chord("American", ENTER)): Keys 'ENTER + American' sent to object: 'Object Repository/addUser/user_race_tf'

2019-06-07 13:54:42 - [MESSAGE][PASSED] - Keys 'ENTER + American' sent to object: 'Object Repository/addUser/user_race_tf'

2019-06-07 13:54:42 - [TEST_STEP][PASSED] - delay(3): Delayed 3 second(s)

2019-06-07 13:54:45 - [MESSAGE][PASSED] - Delayed 3 second(s)

2019-06-07 13:54:45 - [TEST_STEP][PASSED] - click(findTestObject("addUser/user_marital_status_dd"), STOP_ON_FAILURE): Object: 'Object Repository/addUser/user_marital_status_dd' is clicked on

2019-06-07 13:54:45 - [MESSAGE][PASSED] - Object: 'Object Repository/addUser/user_marital_status_dd' is clicked on

2019-06-07 13:54:45 - [TEST_STEP][PASSED] - sendKeys(findTestObject("addUser/user_marital_status_tf"), Keys.chord("Single", ENTER)): Keys 'ENTER + Single' sent to object: 'Object Repository/addUser/user_marital_status_tf'

2019-06-07 13:54:45 - [MESSAGE][PASSED] - Keys 'ENTER + Single' sent to object: 'Object Repository/addUser/user_marital_status_tf'

2019-06-07 13:54:45 - [TEST_STEP][PASSED] - delay(3): Delayed 3 second(s)

2019-06-07 13:54:48 - [MESSAGE][PASSED] - Delayed 3 second(s)

2019-06-07 13:54:48 - [TEST_STEP][PASSED] - click(findTestObject("addUser/user_discipline_dd"), STOP_ON_FAILURE): Object: 'Object Repository/addUser/user_discipline_dd' is clicked on

2019-06-07 13:54:48 - [MESSAGE][PASSED] - Object: 'Object Repository/addUser/user_discipline_dd' is clicked on

2019-06-07 13:54:48 - [TEST_STEP][PASSED] - sendKeys(findTestObject("addUser/user_discipline_tf"), Keys.chord("Skilled Nurse", ENTER)): Keys 'ENTER + Skilled Nurse' sent to object: 'Object Repository/addUser/user_discipline_tf'

2019-06-07 13:54:49 - [MESSAGE][PASSED] - Keys 'ENTER + Skilled Nurse' sent to object: 'Object Repository/addUser/user_discipline_tf'

2019-06-07 13:54:49 - [TEST_STEP][PASSED] - delay(3): Delayed 3 second(s)

2019-06-07 13:54:52 - [MESSAGE][PASSED] - Delayed 3 second(s)

2019-06-07 13:54:52 - [TEST_STEP][PASSED] - click(findTestObject("addUser/user_title_dd"), STOP_ON_FAILURE): Object: 'Object Repository/addUser/user_title_dd' is clicked on

2019-06-07 13:54:52 - [MESSAGE][PASSED] - Object: 'Object Repository/addUser/user_title_dd' is clicked on

2019-06-07 13:54:52 - [TEST_STEP][PASSED] - sendKeys(findTestObject("addUser/user_title_tf"), Keys.chord("Registered Nurse", ENTER)): Keys 'ENTER + Registered Nurse' sent to object: 'Object Repository/addUser/user_title_tf'

2019-06-07 13:54:52 - [MESSAGE][PASSED] - Keys 'ENTER + Registered Nurse' sent to object: 'Object Repository/addUser/user_title_tf'

2019-06-07 13:54:52 - [TEST_STEP][PASSED] - delay(3): Delayed 3 second(s)

2019-06-07 13:54:55 - [MESSAGE][PASSED] - Delayed 3 second(s)

2019-06-07 13:54:55 - [TEST_STEP][PASSED] - click(findTestObject("addUser/user_hirecategory_dd"), STOP_ON_FAILURE): Object: 'Object Repository/addUser/user_hirecategory_dd' is clicked on

2019-06-07 13:54:55 - [MESSAGE][PASSED] - Object: 'Object Repository/addUser/user_hirecategory_dd' is clicked on

2019-06-07 13:54:55 - [TEST_STEP][PASSED] - sendKeys(findTestObject("addUser/user_hirecategory_tf"), Keys.chord("Direct Hire", ENTER)): Keys 'ENTER + Direct Hire' sent to object: 'Object Repository/addUser/user_hirecategory_tf'

2019-06-07 13:54:56 - [MESSAGE][PASSED] - Keys 'ENTER + Direct Hire' sent to object: 'Object Repository/addUser/user_hirecategory_tf'

2019-06-07 13:54:56 - [TEST_STEP][PASSED] - delay(3): Delayed 3 second(s)

2019-06-07 13:54:59 - [MESSAGE][PASSED] - Delayed 3 second(s)

2019-06-07 13:54:59 - [TEST_STEP][PASSED] - click(findTestObject("addUser/user_position_dd"), STOP_ON_FAILURE): Object: 'Object Repository/addUser/user_position_dd' is clicked on

2019-06-07 13:54:59 - [MESSAGE][PASSED] - Object: 'Object Repository/addUser/user_position_dd' is clicked on

2019-06-07 13:54:59 - [TEST_STEP][PASSED] - sendKeys(findTestObject("addUser/user_position_tf"), Keys.chord("Registered Nurse", ENTER)): Keys 'ENTER + Registered Nurse' sent to object: 'Object Repository/addUser/user_position_tf'

2019-06-07 13:54:59 - [MESSAGE][PASSED] - Keys 'ENTER + Registered Nurse' sent to object: 'Object Repository/addUser/user_position_tf'

2019-06-07 13:54:59 - [TEST_STEP][PASSED] - delay(3): Delayed 3 second(s)

2019-06-07 13:55:02 - [MESSAGE][PASSED] - Delayed 3 second(s)

2019-06-07 13:55:02 - [TEST_STEP][PASSED] - setText(findTestObject("addUser/Page_Medisource  Main/input_Social Security Number_s"), "231" + randomnum): Text '231135439' is set on object 'Object Repository/addUser/Page_Medisource  Main/input_Social Security Number_s'

2019-06-07 13:55:03 - [MESSAGE][PASSED] - Text '231135439' is set on object 'Object Repository/addUser/Page_Medisource  Main/input_Social Security Number_s'

2019-06-07 13:55:03 - [TEST_STEP][PASSED] - setText(findTestObject("addUser/employee_id"), "09"): Text '09' is set on object 'Object Repository/addUser/employee_id'

2019-06-07 13:55:03 - [MESSAGE][PASSED] - Text '09' is set on object 'Object Repository/addUser/employee_id'

2019-06-07 13:55:03 - [TEST_STEP][PASSED] - setText(findTestObject("addUser/user_company"), "MEDISOURCE, LLC."): Text 'MEDISOURCE, LLC.' is set on object 'Object Repository/addUser/user_company'

2019-06-07 13:55:04 - [MESSAGE][PASSED] - Text 'MEDISOURCE, LLC.' is set on object 'Object Repository/addUser/user_company'

2019-06-07 13:55:04 - [TEST_STEP][PASSED] - setText(findTestObject("addUser/address_1"), sample_address): Text '58-260 Kamehameha Hwy #A, Haleiwa, HI, 96712 ' is set on object 'Object Repository/addUser/address_1'

2019-06-07 13:55:04 - [MESSAGE][PASSED] - Text '58-260 Kamehameha Hwy #A, Haleiwa, HI, 96712 ' is set on object 'Object Repository/addUser/address_1'

2019-06-07 13:55:04 - [TEST_STEP][PASSED] - setText(findTestObject("addUser/address_2"), sample_address): Text '58-260 Kamehameha Hwy #A, Haleiwa, HI, 96712 ' is set on object 'Object Repository/addUser/address_2'

2019-06-07 13:55:05 - [MESSAGE][PASSED] - Text '58-260 Kamehameha Hwy #A, Haleiwa, HI, 96712 ' is set on object 'Object Repository/addUser/address_2'

2019-06-07 13:55:05 - [TEST_STEP][PASSED] - setText(findTestObject("addUser/city"), sample_city): Text 'Haleiwa' is set on object 'Object Repository/addUser/city'

2019-06-07 13:55:05 - [MESSAGE][PASSED] - Text 'Haleiwa' is set on object 'Object Repository/addUser/city'

2019-06-07 13:55:05 - [TEST_STEP][PASSED] - click(findTestObject("addUser/state_dd"), STOP_ON_FAILURE): Object: 'Object Repository/addUser/state_dd' is clicked on

2019-06-07 13:55:05 - [MESSAGE][PASSED] - Object: 'Object Repository/addUser/state_dd' is clicked on

2019-06-07 13:55:05 - [TEST_STEP][PASSED] - delay(3): Delayed 3 second(s)

2019-06-07 13:55:08 - [MESSAGE][PASSED] - Delayed 3 second(s)

2019-06-07 13:55:08 - [TEST_STEP][PASSED] - sendKeys(findTestObject("addUser/state_az"), Keys.chord("HI", ENTER)): Keys 'ENTER + HI' sent to object: 'Object Repository/addUser/state_az'

2019-06-07 13:55:09 - [MESSAGE][PASSED] - Keys 'ENTER + HI' sent to object: 'Object Repository/addUser/state_az'

2019-06-07 13:55:09 - [TEST_STEP][PASSED] - delay(3): Delayed 3 second(s)

2019-06-07 13:55:12 - [MESSAGE][PASSED] - Delayed 3 second(s)

2019-06-07 13:55:12 - [TEST_STEP][PASSED] - setText(findTestObject("addUser/zipcode"), sample_ZIP_code): Text '96712 ' is set on object 'Object Repository/addUser/zipcode'

2019-06-07 13:55:12 - [MESSAGE][PASSED] - Text '96712 ' is set on object 'Object Repository/addUser/zipcode'

2019-06-07 13:55:12 - [TEST_STEP][PASSED] - delay(3): Delayed 3 second(s)

2019-06-07 13:55:15 - [MESSAGE][PASSED] - Delayed 3 second(s)

2019-06-07 13:55:15 - [TEST_STEP][PASSED] - setText(findTestObject("addUser/phone_no"), sample_phone_num): Text '8923452756' is set on object 'Object Repository/addUser/phone_no'

2019-06-07 13:55:15 - [MESSAGE][PASSED] - Text '8923452756' is set on object 'Object Repository/addUser/phone_no'

2019-06-07 13:55:15 - [TEST_STEP][PASSED] - setText(findTestObject("addUser/mobile_no"), sample_phone_num): Text '8923452756' is set on object 'Object Repository/addUser/mobile_no'

2019-06-07 13:55:16 - [MESSAGE][PASSED] - Text '8923452756' is set on object 'Object Repository/addUser/mobile_no'

2019-06-07 13:55:16 - [TEST_STEP][PASSED] - setText(findTestObject("addUser/fax"), sample_phone_num): Text '8923452756' is set on object 'Object Repository/addUser/fax'

2019-06-07 13:55:16 - [MESSAGE][PASSED] - Text '8923452756' is set on object 'Object Repository/addUser/fax'

2019-06-07 13:55:16 - [TEST_STEP][PASSED] - setText(findTestObject("addUser/email"), sample_email): Text 'medisource@mailinator.com' is set on object 'Object Repository/addUser/email'

2019-06-07 13:55:17 - [MESSAGE][PASSED] - Text 'medisource@mailinator.com' is set on object 'Object Repository/addUser/email'

2019-06-07 13:55:17 - [TEST_STEP][PASSED] - delay(3): Delayed 3 second(s)

2019-06-07 13:55:20 - [MESSAGE][PASSED] - Delayed 3 second(s)

2019-06-07 13:55:20 - [TEST_STEP][PASSED] - click(findTestObject("addUser/hiredate_calendar"), STOP_ON_FAILURE): Object: 'Object Repository/addUser/hiredate_calendar' is clicked on

2019-06-07 13:55:20 - [MESSAGE][PASSED] - Object: 'Object Repository/addUser/hiredate_calendar' is clicked on

2019-06-07 13:55:20 - [TEST_STEP][PASSED] - click(findTestObject("addUser/hiredate_calendar_today"), STOP_ON_FAILURE): Object: 'Object Repository/addUser/hiredate_calendar_today' is clicked on

2019-06-07 13:55:21 - [MESSAGE][PASSED] - Object: 'Object Repository/addUser/hiredate_calendar_today' is clicked on

2019-06-07 13:55:21 - [TEST_STEP][PASSED] - delay(3): Delayed 3 second(s)

2019-06-07 13:55:24 - [MESSAGE][PASSED] - Delayed 3 second(s)

2019-06-07 13:55:24 - [TEST_STEP][PASSED] - click(findTestObject("addUser/language_primary_dropdown"), STOP_ON_FAILURE): Object: 'Object Repository/addUser/language_primary_dropdown' is clicked on

2019-06-07 13:55:24 - [MESSAGE][PASSED] - Object: 'Object Repository/addUser/language_primary_dropdown' is clicked on

2019-06-07 13:55:24 - [TEST_STEP][PASSED] - click(findTestObject("addUser/language_primary_filipino"), STOP_ON_FAILURE): Object: 'Object Repository/addUser/language_primary_filipino' is clicked on

2019-06-07 13:55:24 - [MESSAGE][PASSED] - Object: 'Object Repository/addUser/language_primary_filipino' is clicked on

2019-06-07 13:55:24 - [TEST_STEP][PASSED] - click(findTestObject("addUser/language_secondary_dropdown"), STOP_ON_FAILURE): Object: 'Object Repository/addUser/language_secondary_dropdown' is clicked on

2019-06-07 13:55:24 - [MESSAGE][PASSED] - Object: 'Object Repository/addUser/language_secondary_dropdown' is clicked on

2019-06-07 13:55:24 - [TEST_STEP][PASSED] - click(findTestObject("addUser/language_secondary_english"), STOP_ON_FAILURE): Object: 'Object Repository/addUser/language_secondary_english' is clicked on

2019-06-07 13:55:24 - [MESSAGE][PASSED] - Object: 'Object Repository/addUser/language_secondary_english' is clicked on

2019-06-07 13:55:24 - [TEST_STEP][PASSED] - click(findTestObject("addUser/language_other_dropdown"), STOP_ON_FAILURE): Object: 'Object Repository/addUser/language_other_dropdown' is clicked on

2019-06-07 13:55:24 - [MESSAGE][PASSED] - Object: 'Object Repository/addUser/language_other_dropdown' is clicked on

2019-06-07 13:55:24 - [TEST_STEP][PASSED] - sendKeys(findTestObject("addUser/language_other_korean"), Keys.chord("Korean", ENTER)): Keys 'ENTER + Korean' sent to object: 'Object Repository/addUser/language_other_korean'

2019-06-07 13:55:24 - [MESSAGE][PASSED] - Keys 'ENTER + Korean' sent to object: 'Object Repository/addUser/language_other_korean'

2019-06-07 13:55:24 - [TEST_STEP][PASSED] - delay(3): Delayed 3 second(s)

2019-06-07 13:55:27 - [MESSAGE][PASSED] - Delayed 3 second(s)

2019-06-07 13:55:27 - [TEST_STEP][PASSED] - click(findTestObject("addUser/verbal_primary_dropdown"), STOP_ON_FAILURE): Object: 'Object Repository/addUser/verbal_primary_dropdown' is clicked on

2019-06-07 13:55:27 - [MESSAGE][PASSED] - Object: 'Object Repository/addUser/verbal_primary_dropdown' is clicked on

2019-06-07 13:55:27 - [TEST_STEP][PASSED] - click(findTestObject("addUser/verbal_primary_fluent"), STOP_ON_FAILURE): Object: 'Object Repository/addUser/verbal_primary_fluent' is clicked on

2019-06-07 13:55:27 - [MESSAGE][PASSED] - Object: 'Object Repository/addUser/verbal_primary_fluent' is clicked on

2019-06-07 13:55:27 - [TEST_STEP][PASSED] - click(findTestObject("addUser/verbal_secondary_dropdown"), STOP_ON_FAILURE): Object: 'Object Repository/addUser/verbal_secondary_dropdown' is clicked on

2019-06-07 13:55:28 - [MESSAGE][PASSED] - Object: 'Object Repository/addUser/verbal_secondary_dropdown' is clicked on

2019-06-07 13:55:28 - [TEST_STEP][PASSED] - click(findTestObject("addUser/verbal_secondary_fluent"), STOP_ON_FAILURE): Object: 'Object Repository/addUser/verbal_secondary_fluent' is clicked on

2019-06-07 13:55:28 - [MESSAGE][PASSED] - Object: 'Object Repository/addUser/verbal_secondary_fluent' is clicked on

2019-06-07 13:55:28 - [TEST_STEP][PASSED] - click(findTestObject("addUser/verbal_other_dropdown"), STOP_ON_FAILURE): Object: 'Object Repository/addUser/verbal_other_dropdown' is clicked on

2019-06-07 13:55:28 - [MESSAGE][PASSED] - Object: 'Object Repository/addUser/verbal_other_dropdown' is clicked on

2019-06-07 13:55:28 - [TEST_STEP][PASSED] - click(findTestObject("addUser/verbal_other_fluent"), STOP_ON_FAILURE): Object: 'Object Repository/addUser/verbal_other_fluent' is clicked on

2019-06-07 13:55:28 - [MESSAGE][PASSED] - Object: 'Object Repository/addUser/verbal_other_fluent' is clicked on

2019-06-07 13:55:28 - [TEST_STEP][PASSED] - delay(2): Delayed 2 second(s)

2019-06-07 13:55:30 - [MESSAGE][PASSED] - Delayed 2 second(s)

2019-06-07 13:55:30 - [TEST_STEP][PASSED] - click(findTestObject("addUser/reading_primary_dropdown"), STOP_ON_FAILURE): Object: 'Object Repository/addUser/reading_primary_dropdown' is clicked on

2019-06-07 13:55:30 - [MESSAGE][PASSED] - Object: 'Object Repository/addUser/reading_primary_dropdown' is clicked on

2019-06-07 13:55:30 - [TEST_STEP][PASSED] - click(findTestObject("addUser/reading_primary_fluent"), STOP_ON_FAILURE): Object: 'Object Repository/addUser/reading_primary_fluent' is clicked on

2019-06-07 13:55:30 - [MESSAGE][PASSED] - Object: 'Object Repository/addUser/reading_primary_fluent' is clicked on

2019-06-07 13:55:30 - [TEST_STEP][PASSED] - click(findTestObject("addUser/reading_secondary_dropdown"), STOP_ON_FAILURE): Object: 'Object Repository/addUser/reading_secondary_dropdown' is clicked on

2019-06-07 13:55:30 - [MESSAGE][PASSED] - Object: 'Object Repository/addUser/reading_secondary_dropdown' is clicked on

2019-06-07 13:55:30 - [TEST_STEP][PASSED] - click(findTestObject("addUser/reading_secondary_fluent"), STOP_ON_FAILURE): Object: 'Object Repository/addUser/reading_secondary_fluent' is clicked on

2019-06-07 13:55:30 - [MESSAGE][PASSED] - Object: 'Object Repository/addUser/reading_secondary_fluent' is clicked on

2019-06-07 13:55:30 - [TEST_STEP][PASSED] - click(findTestObject("addUser/reading_other_dropdown"), STOP_ON_FAILURE): Object: 'Object Repository/addUser/reading_other_dropdown' is clicked on

2019-06-07 13:55:30 - [MESSAGE][PASSED] - Object: 'Object Repository/addUser/reading_other_dropdown' is clicked on

2019-06-07 13:55:30 - [TEST_STEP][PASSED] - click(findTestObject("addUser/reading_other_fluent"), STOP_ON_FAILURE): Object: 'Object Repository/addUser/reading_other_fluent' is clicked on

2019-06-07 13:55:30 - [MESSAGE][PASSED] - Object: 'Object Repository/addUser/reading_other_fluent' is clicked on

2019-06-07 13:55:30 - [TEST_STEP][PASSED] - delay(2): Delayed 2 second(s)

2019-06-07 13:55:32 - [MESSAGE][PASSED] - Delayed 2 second(s)

2019-06-07 13:55:32 - [TEST_STEP][PASSED] - click(findTestObject("addUser/writing_primary_dropdown"), STOP_ON_FAILURE): Object: 'Object Repository/addUser/writing_primary_dropdown' is clicked on

2019-06-07 13:55:33 - [MESSAGE][PASSED] - Object: 'Object Repository/addUser/writing_primary_dropdown' is clicked on

2019-06-07 13:55:33 - [TEST_STEP][PASSED] - click(findTestObject("addUser/writing_primary_fluent"), STOP_ON_FAILURE): Object: 'Object Repository/addUser/writing_primary_fluent' is clicked on

2019-06-07 13:55:33 - [MESSAGE][PASSED] - Object: 'Object Repository/addUser/writing_primary_fluent' is clicked on

2019-06-07 13:55:33 - [TEST_STEP][PASSED] - click(findTestObject("addUser/writing_secondary_dropdown"), STOP_ON_FAILURE): Object: 'Object Repository/addUser/writing_secondary_dropdown' is clicked on

2019-06-07 13:55:33 - [MESSAGE][PASSED] - Object: 'Object Repository/addUser/writing_secondary_dropdown' is clicked on

2019-06-07 13:55:33 - [TEST_STEP][PASSED] - click(findTestObject("addUser/writing_secondary_fluent"), STOP_ON_FAILURE): Object: 'Object Repository/addUser/writing_secondary_fluent' is clicked on

2019-06-07 13:55:33 - [MESSAGE][PASSED] - Object: 'Object Repository/addUser/writing_secondary_fluent' is clicked on

2019-06-07 13:55:33 - [TEST_STEP][PASSED] - click(findTestObject("addUser/writing_other_dropdown"), STOP_ON_FAILURE): Object: 'Object Repository/addUser/writing_other_dropdown' is clicked on

2019-06-07 13:55:33 - [MESSAGE][PASSED] - Object: 'Object Repository/addUser/writing_other_dropdown' is clicked on

2019-06-07 13:55:33 - [TEST_STEP][PASSED] - click(findTestObject("addUser/writing_other_fluent"), STOP_ON_FAILURE): Object: 'Object Repository/addUser/writing_other_fluent' is clicked on

2019-06-07 13:55:33 - [MESSAGE][PASSED] - Object: 'Object Repository/addUser/writing_other_fluent' is clicked on

2019-06-07 13:55:33 - [TEST_STEP][PASSED] - delay(5): Delayed 5 second(s)

2019-06-07 13:55:38 - [MESSAGE][PASSED] - Delayed 5 second(s)

2019-06-07 13:55:38 - [TEST_STEP][NOT_RUN] - click(findTestObject("addUser/professional_cred_tab"), STOP_ON_FAILURE): NOT_RUN: click(findTestObject("addUser/professional_cred_tab"), STOP_ON_FAILURE)

2019-06-07 13:55:38 - [MESSAGE][NOT_RUN] - NOT_RUN: click(findTestObject("addUser/professional_cred_tab"), STOP_ON_FAILURE)

2019-06-07 13:55:38 - [TEST_STEP][PASSED] - click(findTestObject("addUser/next_button"), STOP_ON_FAILURE): Object: 'Object Repository/addUser/next_button' is clicked on

2019-06-07 13:55:38 - [MESSAGE][PASSED] - Object: 'Object Repository/addUser/next_button' is clicked on

2019-06-07 13:55:38 - [TEST_STEP][PASSED] - delay(3): Delayed 3 second(s)

2019-06-07 13:55:41 - [MESSAGE][PASSED] - Delayed 3 second(s)

2019-06-07 13:55:41 - [TEST_STEP][PASSED] - setText(findTestObject("addUser/professional_credentials/cred_profcert_idlicensecert"), "1234344441"): Text '1234344441' is set on object 'Object Repository/addUser/professional_credentials/cred_profcert_idlicensecert'

2019-06-07 13:55:42 - [MESSAGE][PASSED] - Text '1234344441' is set on object 'Object Repository/addUser/professional_credentials/cred_profcert_idlicensecert'

2019-06-07 13:55:42 - [TEST_STEP][PASSED] - setText(findTestObject("addUser/professional_credentials/cred_profcert_effectivedate"), today_date): Text '06062019' is set on object 'Object Repository/addUser/professional_credentials/cred_profcert_effectivedate'

2019-06-07 13:55:42 - [MESSAGE][PASSED] - Text '06062019' is set on object 'Object Repository/addUser/professional_credentials/cred_profcert_effectivedate'

2019-06-07 13:55:42 - [TEST_STEP][PASSED] - setText(findTestObject("addUser/professional_credentials/cred_profcert_expirationdate"), "06072025"): Text '06072025' is set on object 'Object Repository/addUser/professional_credentials/cred_profcert_expirationdate'

2019-06-07 13:55:42 - [MESSAGE][PASSED] - Text '06072025' is set on object 'Object Repository/addUser/professional_credentials/cred_profcert_expirationdate'

2019-06-07 13:55:42 - [TEST_STEP][PASSED] - setText(findTestObject("addUser/professional_credentials/cred_profcert_dateverified"), today_date): Text '06062019' is set on object 'Object Repository/addUser/professional_credentials/cred_profcert_dateverified'

2019-06-07 13:55:43 - [MESSAGE][PASSED] - Text '06062019' is set on object 'Object Repository/addUser/professional_credentials/cred_profcert_dateverified'

2019-06-07 13:55:43 - [TEST_STEP][PASSED] - setText(findTestObject("addUser/professional_credentials/cred_profcert_verifiedby"), "RN Medisource"): Text 'RN Medisource' is set on object 'Object Repository/addUser/professional_credentials/cred_profcert_verifiedby'

2019-06-07 13:55:43 - [MESSAGE][PASSED] - Text 'RN Medisource' is set on object 'Object Repository/addUser/professional_credentials/cred_profcert_verifiedby'

2019-06-07 13:55:43 - [TEST_STEP][PASSED] - sendKeys(findTestObject("addUser/professional_credentials/cred_profcert_notes"), Keys.chord("Copy on File", ENTER)): Keys 'ENTER + Copy on File' sent to object: 'Object Repository/addUser/professional_credentials/cred_profcert_notes'

2019-06-07 13:55:44 - [MESSAGE][PASSED] - Keys 'ENTER + Copy on File' sent to object: 'Object Repository/addUser/professional_credentials/cred_profcert_notes'

2019-06-07 13:55:44 - [TEST_STEP][PASSED] - delay(3): Delayed 3 second(s)

2019-06-07 13:55:47 - [MESSAGE][PASSED] - Delayed 3 second(s)

2019-06-07 13:55:47 - [TEST_STEP][PASSED] - setText(findTestObject("addUser/professional_credentials/cred_licensecertverification_idlicensecert"), "1234344441"): Text '1234344441' is set on object 'Object Repository/addUser/professional_credentials/cred_licensecertverification_idlicensecert'

2019-06-07 13:55:47 - [MESSAGE][PASSED] - Text '1234344441' is set on object 'Object Repository/addUser/professional_credentials/cred_licensecertverification_idlicensecert'

2019-06-07 13:55:47 - [TEST_STEP][PASSED] - setText(findTestObject("addUser/professional_credentials/cred_licensecertverification_effectivedate"), today_date): Text '06062019' is set on object 'Object Repository/addUser/professional_credentials/cred_licensecertverification_effectivedate'

2019-06-07 13:55:48 - [MESSAGE][PASSED] - Text '06062019' is set on object 'Object Repository/addUser/professional_credentials/cred_licensecertverification_effectivedate'

2019-06-07 13:55:48 - [TEST_STEP][PASSED] - setText(findTestObject("addUser/professional_credentials/cred_licensecertverification_expirationdate"), "06072025"): Text '06072025' is set on object 'Object Repository/addUser/professional_credentials/cred_licensecertverification_expirationdate'

2019-06-07 13:55:48 - [MESSAGE][PASSED] - Text '06072025' is set on object 'Object Repository/addUser/professional_credentials/cred_licensecertverification_expirationdate'

2019-06-07 13:55:48 - [TEST_STEP][PASSED] - setText(findTestObject("addUser/professional_credentials/cred_licensecertverification_dateverified"), today_date): Text '06062019' is set on object 'Object Repository/addUser/professional_credentials/cred_licensecertverification_dateverified'

2019-06-07 13:55:48 - [MESSAGE][PASSED] - Text '06062019' is set on object 'Object Repository/addUser/professional_credentials/cred_licensecertverification_dateverified'

2019-06-07 13:55:48 - [TEST_STEP][PASSED] - setText(findTestObject("addUser/professional_credentials/cred_licensecertverification_verifiedby"), "RN Medisource"): Text 'RN Medisource' is set on object 'Object Repository/addUser/professional_credentials/cred_licensecertverification_verifiedby'

2019-06-07 13:55:49 - [MESSAGE][PASSED] - Text 'RN Medisource' is set on object 'Object Repository/addUser/professional_credentials/cred_licensecertverification_verifiedby'

2019-06-07 13:55:49 - [TEST_STEP][PASSED] - sendKeys(findTestObject("addUser/professional_credentials/cred_licensecertverification_notes"), Keys.chord("Copy on File", ENTER)): Keys 'ENTER + Copy on File' sent to object: 'Object Repository/addUser/professional_credentials/cred_licensecertverification_notes'

2019-06-07 13:55:49 - [MESSAGE][PASSED] - Keys 'ENTER + Copy on File' sent to object: 'Object Repository/addUser/professional_credentials/cred_licensecertverification_notes'

2019-06-07 13:55:49 - [TEST_STEP][PASSED] - delay(3): Delayed 3 second(s)

2019-06-07 13:55:52 - [MESSAGE][PASSED] - Delayed 3 second(s)

2019-06-07 13:55:52 - [TEST_STEP][PASSED] - setText(findTestObject("addUser/professional_credentials/cred_cprbls_idlicensecert"), "1234344441"): Text '1234344441' is set on object 'Object Repository/addUser/professional_credentials/cred_cprbls_idlicensecert'

2019-06-07 13:55:53 - [MESSAGE][PASSED] - Text '1234344441' is set on object 'Object Repository/addUser/professional_credentials/cred_cprbls_idlicensecert'

2019-06-07 13:55:53 - [TEST_STEP][PASSED] - setText(findTestObject("addUser/professional_credentials/cred_cprbls_effectivedate"), today_date): Text '06062019' is set on object 'Object Repository/addUser/professional_credentials/cred_cprbls_effectivedate'

2019-06-07 13:55:53 - [MESSAGE][PASSED] - Text '06062019' is set on object 'Object Repository/addUser/professional_credentials/cred_cprbls_effectivedate'

2019-06-07 13:55:53 - [TEST_STEP][PASSED] - setText(findTestObject("addUser/professional_credentials/cred_cprbls_expirationdate"), "06072025"): Text '06072025' is set on object 'Object Repository/addUser/professional_credentials/cred_cprbls_expirationdate'

2019-06-07 13:55:53 - [MESSAGE][PASSED] - Text '06072025' is set on object 'Object Repository/addUser/professional_credentials/cred_cprbls_expirationdate'

2019-06-07 13:55:53 - [TEST_STEP][PASSED] - setText(findTestObject("addUser/professional_credentials/cred_cprbls_dateverified"), today_date): Text '06062019' is set on object 'Object Repository/addUser/professional_credentials/cred_cprbls_dateverified'

2019-06-07 13:55:54 - [MESSAGE][PASSED] - Text '06062019' is set on object 'Object Repository/addUser/professional_credentials/cred_cprbls_dateverified'

2019-06-07 13:55:54 - [TEST_STEP][PASSED] - setText(findTestObject("addUser/professional_credentials/cred_cprbls_verifiedby"), "RN Medisource"): Text 'RN Medisource' is set on object 'Object Repository/addUser/professional_credentials/cred_cprbls_verifiedby'

2019-06-07 13:55:54 - [MESSAGE][PASSED] - Text 'RN Medisource' is set on object 'Object Repository/addUser/professional_credentials/cred_cprbls_verifiedby'

2019-06-07 13:55:54 - [TEST_STEP][PASSED] - sendKeys(findTestObject("addUser/professional_credentials/cred_cprbls_notes"), Keys.chord("Copy on File", ENTER)): Keys 'ENTER + Copy on File' sent to object: 'Object Repository/addUser/professional_credentials/cred_cprbls_notes'

2019-06-07 13:55:55 - [MESSAGE][PASSED] - Keys 'ENTER + Copy on File' sent to object: 'Object Repository/addUser/professional_credentials/cred_cprbls_notes'

2019-06-07 13:55:55 - [TEST_STEP][PASSED] - delay(3): Delayed 3 second(s)

2019-06-07 13:55:58 - [MESSAGE][PASSED] - Delayed 3 second(s)

2019-06-07 13:55:58 - [TEST_STEP][PASSED] - setText(findTestObject("addUser/professional_credentials/cred_driverlicense_idlicensecert"), "1234344441"): Text '1234344441' is set on object 'Object Repository/addUser/professional_credentials/cred_driverlicense_idlicensecert'

2019-06-07 13:55:58 - [MESSAGE][PASSED] - Text '1234344441' is set on object 'Object Repository/addUser/professional_credentials/cred_driverlicense_idlicensecert'

2019-06-07 13:55:58 - [TEST_STEP][PASSED] - setText(findTestObject("addUser/professional_credentials/cred_driverlicense_effectivedate"), today_date): Text '06062019' is set on object 'Object Repository/addUser/professional_credentials/cred_driverlicense_effectivedate'

2019-06-07 13:55:59 - [MESSAGE][PASSED] - Text '06062019' is set on object 'Object Repository/addUser/professional_credentials/cred_driverlicense_effectivedate'

2019-06-07 13:55:59 - [TEST_STEP][PASSED] - setText(findTestObject("addUser/professional_credentials/cred_driverlicense_expirationdate"), "06072025"): Text '06072025' is set on object 'Object Repository/addUser/professional_credentials/cred_driverlicense_expirationdate'

2019-06-07 13:55:59 - [MESSAGE][PASSED] - Text '06072025' is set on object 'Object Repository/addUser/professional_credentials/cred_driverlicense_expirationdate'

2019-06-07 13:55:59 - [TEST_STEP][PASSED] - setText(findTestObject("addUser/professional_credentials/cred_driverlicense_dateverified"), today_date): Text '06062019' is set on object 'Object Repository/addUser/professional_credentials/cred_driverlicense_dateverified'

2019-06-07 13:55:59 - [MESSAGE][PASSED] - Text '06062019' is set on object 'Object Repository/addUser/professional_credentials/cred_driverlicense_dateverified'

2019-06-07 13:55:59 - [TEST_STEP][PASSED] - setText(findTestObject("addUser/professional_credentials/cred_driverlicense_verifiedby"), "RN Medisource"): Text 'RN Medisource' is set on object 'Object Repository/addUser/professional_credentials/cred_driverlicense_verifiedby'

2019-06-07 13:56:00 - [MESSAGE][PASSED] - Text 'RN Medisource' is set on object 'Object Repository/addUser/professional_credentials/cred_driverlicense_verifiedby'

2019-06-07 13:56:00 - [TEST_STEP][PASSED] - sendKeys(findTestObject("addUser/professional_credentials/cred_driverlicense_notes"), Keys.chord("Copy on File", ENTER)): Keys 'ENTER + Copy on File' sent to object: 'Object Repository/addUser/professional_credentials/cred_driverlicense_notes'

2019-06-07 13:56:00 - [MESSAGE][PASSED] - Keys 'ENTER + Copy on File' sent to object: 'Object Repository/addUser/professional_credentials/cred_driverlicense_notes'

2019-06-07 13:56:00 - [TEST_STEP][PASSED] - delay(3): Delayed 3 second(s)

2019-06-07 13:56:03 - [MESSAGE][PASSED] - Delayed 3 second(s)

2019-06-07 13:56:03 - [TEST_STEP][PASSED] - setText(findTestObject("addUser/professional_credentials/cred_carinsurance_idlicensecert"), "1234344441"): Text '1234344441' is set on object 'Object Repository/addUser/professional_credentials/cred_carinsurance_idlicensecert'

2019-06-07 13:56:04 - [MESSAGE][PASSED] - Text '1234344441' is set on object 'Object Repository/addUser/professional_credentials/cred_carinsurance_idlicensecert'

2019-06-07 13:56:04 - [TEST_STEP][PASSED] - setText(findTestObject("addUser/professional_credentials/cred_carinsurance_effectivedate"), today_date): Text '06062019' is set on object 'Object Repository/addUser/professional_credentials/cred_carinsurance_effectivedate'

2019-06-07 13:56:04 - [MESSAGE][PASSED] - Text '06062019' is set on object 'Object Repository/addUser/professional_credentials/cred_carinsurance_effectivedate'

2019-06-07 13:56:04 - [TEST_STEP][PASSED] - setText(findTestObject("addUser/professional_credentials/cred_carinsurance_expirationdate"), "06072025"): Text '06072025' is set on object 'Object Repository/addUser/professional_credentials/cred_carinsurance_expirationdate'

2019-06-07 13:56:04 - [MESSAGE][PASSED] - Text '06072025' is set on object 'Object Repository/addUser/professional_credentials/cred_carinsurance_expirationdate'

2019-06-07 13:56:04 - [TEST_STEP][PASSED] - setText(findTestObject("addUser/professional_credentials/cred_carinsurance_dateverified"), today_date): Text '06062019' is set on object 'Object Repository/addUser/professional_credentials/cred_carinsurance_dateverified'

2019-06-07 13:56:05 - [MESSAGE][PASSED] - Text '06062019' is set on object 'Object Repository/addUser/professional_credentials/cred_carinsurance_dateverified'

2019-06-07 13:56:05 - [TEST_STEP][PASSED] - setText(findTestObject("addUser/professional_credentials/cred_carinsurance_verifiedby"), "RN Medisource"): Text 'RN Medisource' is set on object 'Object Repository/addUser/professional_credentials/cred_carinsurance_verifiedby'

2019-06-07 13:56:05 - [MESSAGE][PASSED] - Text 'RN Medisource' is set on object 'Object Repository/addUser/professional_credentials/cred_carinsurance_verifiedby'

2019-06-07 13:56:05 - [TEST_STEP][PASSED] - sendKeys(findTestObject("addUser/professional_credentials/cred_carinsurance_notes"), Keys.chord("Copy on File", ENTER)): Keys 'ENTER + Copy on File' sent to object: 'Object Repository/addUser/professional_credentials/cred_carinsurance_notes'

2019-06-07 13:56:06 - [MESSAGE][PASSED] - Keys 'ENTER + Copy on File' sent to object: 'Object Repository/addUser/professional_credentials/cred_carinsurance_notes'

2019-06-07 13:56:06 - [TEST_STEP][PASSED] - delay(3): Delayed 3 second(s)

2019-06-07 13:56:09 - [MESSAGE][PASSED] - Delayed 3 second(s)

2019-06-07 13:56:09 - [TEST_STEP][PASSED] - setText(findTestObject("addUser/professional_credentials/cred_annaualpereval_effectivedate"), today_date): Text '06062019' is set on object 'Object Repository/addUser/professional_credentials/cred_annaualpereval_effectivedate'

2019-06-07 13:56:09 - [MESSAGE][PASSED] - Text '06062019' is set on object 'Object Repository/addUser/professional_credentials/cred_annaualpereval_effectivedate'

2019-06-07 13:56:09 - [TEST_STEP][PASSED] - setText(findTestObject("addUser/professional_credentials/cred_annaualpereval_expirationdate"), "06072025"): Text '06072025' is set on object 'Object Repository/addUser/professional_credentials/cred_annaualpereval_expirationdate'

2019-06-07 13:56:09 - [MESSAGE][PASSED] - Text '06072025' is set on object 'Object Repository/addUser/professional_credentials/cred_annaualpereval_expirationdate'

2019-06-07 13:56:09 - [TEST_STEP][PASSED] - setText(findTestObject("addUser/professional_credentials/cred_annaualpereval_dateverified"), today_date): Text '06062019' is set on object 'Object Repository/addUser/professional_credentials/cred_annaualpereval_dateverified'

2019-06-07 13:56:10 - [MESSAGE][PASSED] - Text '06062019' is set on object 'Object Repository/addUser/professional_credentials/cred_annaualpereval_dateverified'

2019-06-07 13:56:10 - [TEST_STEP][PASSED] - setText(findTestObject("addUser/professional_credentials/cred_annaualpereval_verifiedby"), "RN Medisource"): Text 'RN Medisource' is set on object 'Object Repository/addUser/professional_credentials/cred_annaualpereval_verifiedby'

2019-06-07 13:56:10 - [MESSAGE][PASSED] - Text 'RN Medisource' is set on object 'Object Repository/addUser/professional_credentials/cred_annaualpereval_verifiedby'

2019-06-07 13:56:10 - [TEST_STEP][PASSED] - sendKeys(findTestObject("addUser/professional_credentials/cred_annaualpereval_notes"), Keys.chord("Copy on File", ENTER)): Keys 'ENTER + Copy on File' sent to object: 'Object Repository/addUser/professional_credentials/cred_annaualpereval_notes'

2019-06-07 13:56:11 - [MESSAGE][PASSED] - Keys 'ENTER + Copy on File' sent to object: 'Object Repository/addUser/professional_credentials/cred_annaualpereval_notes'

2019-06-07 13:56:11 - [TEST_STEP][PASSED] - delay(5): Delayed 5 second(s)

2019-06-07 13:56:16 - [MESSAGE][PASSED] - Delayed 5 second(s)

2019-06-07 13:56:16 - [TEST_STEP][ERROR] - click(findTestObject("addUser/health_cred_tab"), STOP_ON_FAILURE): click(findTestObject("addUser/health_cred_tab"), STOP_ON_FAILURE) FAILED.
Reason:
com.kms.katalon.core.exception.KatalonRuntimeException: Could not evaluate default value for variable: date_today of profile: default. Details: No such property: current for class: Script12
	at com.kms.katalon.core.main.TestCaseMain.getGlobalVariables(TestCaseMain.java:186)
	at com.kms.katalon.core.main.TestCaseMain$getGlobalVariables$1.call(Unknown Source)
	at internal.GlobalVariable.<clinit>(GlobalVariable.groovy:75)
	at add_user.run(add_user:79)
	at com.kms.katalon.core.main.ScriptEngine.run(ScriptEngine.java:194)
	at com.kms.katalon.core.main.ScriptEngine.runScriptAsRawText(ScriptEngine.java:119)
	at com.kms.katalon.core.main.TestCaseExecutor.runScript(TestCaseExecutor.java:331)
	at com.kms.katalon.core.main.TestCaseExecutor.doExecute(TestCaseExecutor.java:322)
	at com.kms.katalon.core.main.TestCaseExecutor.processExecutionPhase(TestCaseExecutor.java:301)
	at com.kms.katalon.core.main.TestCaseExecutor.accessMainPhase(TestCaseExecutor.java:293)
	at com.kms.katalon.core.main.TestCaseExecutor.execute(TestCaseExecutor.java:227)
	at com.kms.katalon.core.main.TestSuiteExecutor.accessTestCaseMainPhase(TestSuiteExecutor.java:129)
	at com.kms.katalon.core.main.TestSuiteExecutor.accessTestSuiteMainPhase(TestSuiteExecutor.java:112)
	at com.kms.katalon.core.main.TestSuiteExecutor.execute(TestSuiteExecutor.java:81)
	at com.kms.katalon.core.main.TestCaseMain.startTestSuite(TestCaseMain.java:157)
	at com.kms.katalon.core.main.TestCaseMain$startTestSuite$0.call(Unknown Source)
	at TempTestSuite1559886854234.run(TempTestSuite1559886854234.groovy:35)
Caused by: groovy.lang.MissingPropertyException: No such property: current for class: Script12
	at Script12.run(Script12.groovy:1)
	at com.kms.katalon.core.main.ScriptEngine.runScriptWithoutLogging(ScriptEngine.java:105)
	at com.kms.katalon.core.main.TestCaseMain.getGlobalVariables(TestCaseMain.java:184)
	at com.kms.katalon.core.main.TestCaseMain$getGlobalVariables$1.call(Unknown Source)
	at internal.GlobalVariable.<clinit>(GlobalVariable.groovy:75)
	at Script1559801124315.run(Script1559801124315.groovy:79)
	... 13 more


2019-06-07 13:56:16 - [MESSAGE][FAILED] - Unable to click on object 'Object Repository/addUser/health_cred_tab' (Root cause: com.kms.katalon.core.exception.StepFailedException: Unable to click on object 'Object Repository/addUser/health_cred_tab'
	at com.kms.katalon.core.webui.keyword.internal.WebUIKeywordMain.stepFailed(WebUIKeywordMain.groovy:64)
	at com.kms.katalon.core.webui.keyword.internal.WebUIKeywordMain.runKeyword(WebUIKeywordMain.groovy:26)
	at com.kms.katalon.core.webui.keyword.builtin.ClickKeyword.click(ClickKeyword.groovy:86)
	at com.kms.katalon.core.webui.keyword.builtin.ClickKeyword.execute(ClickKeyword.groovy:67)
	at com.kms.katalon.core.keyword.internal.KeywordExecutor.executeKeywordForPlatform(KeywordExecutor.groovy:56)
	at com.kms.katalon.core.webui.keyword.WebUiBuiltInKeywords.click(WebUiBuiltInKeywords.groovy:604)
	at com.kms.katalon.core.webui.keyword.WebUiBuiltInKeywords$click$4.call(Unknown Source)
	at add_user.run(add_user:259)
	at com.kms.katalon.core.main.ScriptEngine.run(ScriptEngine.java:194)
	at com.kms.katalon.core.main.ScriptEngine.runScriptAsRawText(ScriptEngine.java:119)
	at com.kms.katalon.core.main.TestCaseExecutor.runScript(TestCaseExecutor.java:331)
	at com.kms.katalon.core.main.TestCaseExecutor.doExecute(TestCaseExecutor.java:322)
	at com.kms.katalon.core.main.TestCaseExecutor.processExecutionPhase(TestCaseExecutor.java:301)
	at com.kms.katalon.core.main.TestCaseExecutor.accessMainPhase(TestCaseExecutor.java:293)
	at com.kms.katalon.core.main.TestCaseExecutor.execute(TestCaseExecutor.java:227)
	at com.kms.katalon.core.main.TestSuiteExecutor.accessTestCaseMainPhase(TestSuiteExecutor.java:129)
	at com.kms.katalon.core.main.TestSuiteExecutor.accessTestSuiteMainPhase(TestSuiteExecutor.java:112)
	at com.kms.katalon.core.main.TestSuiteExecutor.execute(TestSuiteExecutor.java:81)
	at com.kms.katalon.core.main.TestCaseMain.startTestSuite(TestCaseMain.java:157)
	at com.kms.katalon.core.main.TestCaseMain$startTestSuite$0.call(Unknown Source)
	at TempTestSuite1559886854234.run(TempTestSuite1559886854234.groovy:35)
Caused by: org.openqa.selenium.WebDriverException: unknown error: Element <li ng-class="{'active':active==3, disabled: disabled}" heading="Health credentials" active="tab.active" disable="tab.disabled">...</li> is not clickable at point (452, 14). Other element would receive the click: <div class="horizontal__inline">...</div>
  (Session info: chrome=74.0.3729.169)
  (Driver info: chromedriver=2.43.600210 (68dcf5eebde37173d4027fa8635e332711d2874a),platform=Windows NT 10.0.17134 x86_64) (WARNING: The server did not provide any stacktrace information)
Command duration or timeout: 0 milliseconds
Build info: version: '3.7.1', revision: '8a0099a', time: '2017-11-06T21:07:36.161Z'
System info: host: 'DESKTOP-IKQI3RS', ip: '192.168.2.13', os.name: 'Windows 10', os.arch: 'amd64', os.version: '10.0', java.version: '1.8.0_181'
Driver info: com.kms.katalon.selenium.driver.CChromeDriver
Capabilities {acceptInsecureCerts: false, acceptSslCerts: false, applicationCacheEnabled: false, browserConnectionEnabled: false, browserName: chrome, chrome: {chromedriverVersion: 2.43.600210 (68dcf5eebde371..., userDataDir: C:\Users\KHENAR~1\AppData\L...}, cssSelectorsEnabled: true, databaseEnabled: false, goog:chromeOptions: {debuggerAddress: localhost:54663}, handlesAlerts: true, hasTouchScreen: false, javascriptEnabled: true, locationContextEnabled: true, mobileEmulationEnabled: false, nativeEvents: true, networkConnectionEnabled: false, pageLoadStrategy: normal, platform: XP, platformName: XP, rotatable: false, setWindowRect: true, takesHeapSnapshot: true, takesScreenshot: true, unexpectedAlertBehaviour: , unhandledPromptBehavior: , version: 74.0.3729.169, webStorageEnabled: true}
Session ID: 123ccc5119cd861d04b4e985da41527d
	at org.openqa.selenium.remote.ErrorHandler.createThrowable(ErrorHandler.java:214)
	at org.openqa.selenium.remote.ErrorHandler.throwIfResponseFailed(ErrorHandler.java:166)
	at org.openqa.selenium.remote.http.JsonHttpResponseCodec.reconstructValue(JsonHttpResponseCodec.java:40)
	at org.openqa.selenium.remote.http.AbstractHttpResponseCodec.decode(AbstractHttpResponseCodec.java:80)
	at org.openqa.selenium.remote.http.AbstractHttpResponseCodec.decode(AbstractHttpResponseCodec.java:44)
	at org.openqa.selenium.remote.HttpCommandExecutor.execute(HttpCommandExecutor.java:164)
	at org.openqa.selenium.remote.service.DriverCommandExecutor.execute(DriverCommandExecutor.java:83)
	at org.openqa.selenium.remote.RemoteWebDriver.execute(RemoteWebDriver.java:600)
	at com.kms.katalon.selenium.driver.CChromeDriver.execute(CChromeDriver.java:20)
	at org.openqa.selenium.remote.RemoteWebElement.execute(RemoteWebElement.java:279)
	at org.openqa.selenium.remote.RemoteWebElement.click(RemoteWebElement.java:83)
	at com.kms.katalon.core.webui.keyword.builtin.ClickKeyword$_click_closure1.doCall(ClickKeyword.groovy:79)
	at com.kms.katalon.core.webui.keyword.builtin.ClickKeyword$_click_closure1.call(ClickKeyword.groovy)
	at com.kms.katalon.core.webui.keyword.internal.WebUIKeywordMain.runKeyword(WebUIKeywordMain.groovy:20)
	at com.kms.katalon.core.webui.keyword.builtin.ClickKeyword.click(ClickKeyword.groovy:86)
	at com.kms.katalon.core.webui.keyword.builtin.ClickKeyword.execute(ClickKeyword.groovy:67)
	at com.kms.katalon.core.keyword.internal.KeywordExecutor.executeKeywordForPlatform(KeywordExecutor.groovy:56)
	at com.kms.katalon.core.webui.keyword.WebUiBuiltInKeywords.click(WebUiBuiltInKeywords.groovy:604)
	at com.kms.katalon.core.webui.keyword.WebUiBuiltInKeywords$click$4.call(Unknown Source)
	at Script1559801124315.run(Script1559801124315.groovy:259)
	... 13 more
)
[[ATTACHMENT|C:\\Users\\Khenard Figuracion\\git\\healthcareProject-neww\\Reports\\Human_Resources\\add_to_delete_user\\20190607_135413\\1559886976410.png]]

2019-06-07 13:56:16 - [MESSAGE][ERROR] - click(findTestObject("addUser/health_cred_tab"), STOP_ON_FAILURE) FAILED.
Reason:
com.kms.katalon.core.exception.KatalonRuntimeException: Could not evaluate default value for variable: date_today of profile: default. Details: No such property: current for class: Script12
	at com.kms.katalon.core.main.TestCaseMain.getGlobalVariables(TestCaseMain.java:186)
	at com.kms.katalon.core.main.TestCaseMain$getGlobalVariables$1.call(Unknown Source)
	at internal.GlobalVariable.<clinit>(GlobalVariable.groovy:75)
	at add_user.run(add_user:79)
	at com.kms.katalon.core.main.ScriptEngine.run(ScriptEngine.java:194)
	at com.kms.katalon.core.main.ScriptEngine.runScriptAsRawText(ScriptEngine.java:119)
	at com.kms.katalon.core.main.TestCaseExecutor.runScript(TestCaseExecutor.java:331)
	at com.kms.katalon.core.main.TestCaseExecutor.doExecute(TestCaseExecutor.java:322)
	at com.kms.katalon.core.main.TestCaseExecutor.processExecutionPhase(TestCaseExecutor.java:301)
	at com.kms.katalon.core.main.TestCaseExecutor.accessMainPhase(TestCaseExecutor.java:293)
	at com.kms.katalon.core.main.TestCaseExecutor.execute(TestCaseExecutor.java:227)
	at com.kms.katalon.core.main.TestSuiteExecutor.accessTestCaseMainPhase(TestSuiteExecutor.java:129)
	at com.kms.katalon.core.main.TestSuiteExecutor.accessTestSuiteMainPhase(TestSuiteExecutor.java:112)
	at com.kms.katalon.core.main.TestSuiteExecutor.execute(TestSuiteExecutor.java:81)
	at com.kms.katalon.core.main.TestCaseMain.startTestSuite(TestCaseMain.java:157)
	at com.kms.katalon.core.main.TestCaseMain$startTestSuite$0.call(Unknown Source)
	at TempTestSuite1559886854234.run(TempTestSuite1559886854234.groovy:35)
Caused by: groovy.lang.MissingPropertyException: No such property: current for class: Script12
	at Script12.run(Script12.groovy:1)
	at com.kms.katalon.core.main.ScriptEngine.runScriptWithoutLogging(ScriptEngine.java:105)
	at com.kms.katalon.core.main.TestCaseMain.getGlobalVariables(TestCaseMain.java:184)
	at com.kms.katalon.core.main.TestCaseMain$getGlobalVariables$1.call(Unknown Source)
	at internal.GlobalVariable.<clinit>(GlobalVariable.groovy:75)
	at Script1559801124315.run(Script1559801124315.groovy:79)
	... 13 more]]></system-out>
         <system-err><![CDATA[2019-06-07 13:54:33 - [TEST_CASE][ERROR] - Test Cases/Human_Resources/add_user: Test Cases/Human_Resources/add_user FAILED.
Reason:
com.kms.katalon.core.exception.KatalonRuntimeException: Could not evaluate default value for variable: date_today of profile: default. Details: No such property: current for class: Script12
	at com.kms.katalon.core.main.TestCaseMain.getGlobalVariables(TestCaseMain.java:186)
	at com.kms.katalon.core.main.TestCaseMain$getGlobalVariables$1.call(Unknown Source)
	at internal.GlobalVariable.<clinit>(GlobalVariable.groovy:75)
	at add_user.run(add_user:79)
	at com.kms.katalon.core.main.ScriptEngine.run(ScriptEngine.java:194)
	at com.kms.katalon.core.main.ScriptEngine.runScriptAsRawText(ScriptEngine.java:119)
	at com.kms.katalon.core.main.TestCaseExecutor.runScript(TestCaseExecutor.java:331)
	at com.kms.katalon.core.main.TestCaseExecutor.doExecute(TestCaseExecutor.java:322)
	at com.kms.katalon.core.main.TestCaseExecutor.processExecutionPhase(TestCaseExecutor.java:301)
	at com.kms.katalon.core.main.TestCaseExecutor.accessMainPhase(TestCaseExecutor.java:293)
	at com.kms.katalon.core.main.TestCaseExecutor.execute(TestCaseExecutor.java:227)
	at com.kms.katalon.core.main.TestSuiteExecutor.accessTestCaseMainPhase(TestSuiteExecutor.java:129)
	at com.kms.katalon.core.main.TestSuiteExecutor.accessTestSuiteMainPhase(TestSuiteExecutor.java:112)
	at com.kms.katalon.core.main.TestSuiteExecutor.execute(TestSuiteExecutor.java:81)
	at com.kms.katalon.core.main.TestCaseMain.startTestSuite(TestCaseMain.java:157)
	at com.kms.katalon.core.main.TestCaseMain$startTestSuite$0.call(Unknown Source)
	at TempTestSuite1559886854234.run(TempTestSuite1559886854234.groovy:35)
Caused by: groovy.lang.MissingPropertyException: No such property: current for class: Script12
	at Script12.run(Script12.groovy:1)
	at com.kms.katalon.core.main.ScriptEngine.runScriptWithoutLogging(ScriptEngine.java:105)
	at com.kms.katalon.core.main.TestCaseMain.getGlobalVariables(TestCaseMain.java:184)
	at com.kms.katalon.core.main.TestCaseMain$getGlobalVariables$1.call(Unknown Source)
	at internal.GlobalVariable.<clinit>(GlobalVariable.groovy:75)
	at Script1559801124315.run(Script1559801124315.groovy:79)
	... 13 more]]></system-err>
      </testcase>
      <testcase name="Test Cases/Human_Resources/delete_user" classname="Test Cases/Human_Resources/delete_user" status="FAILED">
         <failure type="FAILED" message="Test Cases/Human_Resources/delete_user FAILED.
Reason:
com.kms.katalon.core.exception.StepFailedException: Unable to set text 'Automated' of object 'Object Repository/user_list/userlist_search_bar'
	at com.kms.katalon.core.webui.keyword.internal.WebUIKeywordMain.stepFailed(WebUIKeywordMain.groovy:64)
	at com.kms.katalon.core.webui.keyword.internal.WebUIKeywordMain.runKeyword(WebUIKeywordMain.groovy:26)
	at com.kms.katalon.core.webui.keyword.builtin.SetTextKeyword.setText(SetTextKeyword.groovy:65)
	at com.kms.katalon.core.webui.keyword.builtin.SetTextKeyword.execute(SetTextKeyword.groovy:37)
	at com.kms.katalon.core.keyword.internal.KeywordExecutor.executeKeywordForPlatform(KeywordExecutor.groovy:56)
	at com.kms.katalon.core.webui.keyword.WebUiBuiltInKeywords.setText(WebUiBuiltInKeywords.groovy:950)
	at com.kms.katalon.core.webui.keyword.WebUiBuiltInKeywords$setText$1.call(Unknown Source)
	at delete_user.run(delete_user:18)
	at com.kms.katalon.core.main.ScriptEngine.run(ScriptEngine.java:194)
	at com.kms.katalon.core.main.ScriptEngine.runScriptAsRawText(ScriptEngine.java:119)
	at com.kms.katalon.core.main.TestCaseExecutor.runScript(TestCaseExecutor.java:331)
	at com.kms.katalon.core.main.TestCaseExecutor.doExecute(TestCaseExecutor.java:322)
	at com.kms.katalon.core.main.TestCaseExecutor.processExecutionPhase(TestCaseExecutor.java:301)
	at com.kms.katalon.core.main.TestCaseExecutor.accessMainPhase(TestCaseExecutor.java:293)
	at com.kms.katalon.core.main.TestCaseExecutor.execute(TestCaseExecutor.java:227)
	at com.kms.katalon.core.main.TestSuiteExecutor.accessTestCaseMainPhase(TestSuiteExecutor.java:129)
	at com.kms.katalon.core.main.TestSuiteExecutor.accessTestSuiteMainPhase(TestSuiteExecutor.java:112)
	at com.kms.katalon.core.main.TestSuiteExecutor.execute(TestSuiteExecutor.java:81)
	at com.kms.katalon.core.main.TestCaseMain.startTestSuite(TestCaseMain.java:157)
	at com.kms.katalon.core.main.TestCaseMain$startTestSuite$0.call(Unknown Source)
	at TempTestSuite1559886854234.run(TempTestSuite1559886854234.groovy:35)
Caused by: com.kms.katalon.core.webui.exception.WebElementNotFoundException: Web element with id: 'Object Repository/user_list/userlist_search_bar' located by 'By.cssSelector: #searchbar__wrapper > div > input' not found
	at com.kms.katalon.core.webui.common.WebUiCommonHelper.findWebElement(WebUiCommonHelper.java:1053)
	at com.kms.katalon.core.webui.keyword.internal.WebUIAbstractKeyword.findWebElement(WebUIAbstractKeyword.groovy:27)
	at com.kms.katalon.core.webui.keyword.internal.WebUIAbstractKeyword.findWebElement(WebUIAbstractKeyword.groovy:26)
	at com.kms.katalon.core.webui.keyword.builtin.SetTextKeyword$_setText_closure1.doCall(SetTextKeyword.groovy:51)
	at com.kms.katalon.core.webui.keyword.builtin.SetTextKeyword$_setText_closure1.call(SetTextKeyword.groovy)
	at com.kms.katalon.core.webui.keyword.internal.WebUIKeywordMain.runKeyword(WebUIKeywordMain.groovy:20)
	at com.kms.katalon.core.webui.keyword.builtin.SetTextKeyword.setText(SetTextKeyword.groovy:65)
	at com.kms.katalon.core.webui.keyword.builtin.SetTextKeyword.execute(SetTextKeyword.groovy:37)
	at com.kms.katalon.core.keyword.internal.KeywordExecutor.executeKeywordForPlatform(KeywordExecutor.groovy:56)
	at com.kms.katalon.core.webui.keyword.WebUiBuiltInKeywords.setText(WebUiBuiltInKeywords.groovy:950)
	at com.kms.katalon.core.webui.keyword.WebUiBuiltInKeywords$setText$1.call(Unknown Source)
	at Script1559886447733.run(Script1559886447733.groovy:18)
	... 13 more
"/>
         <system-out><![CDATA[2019-06-07 13:56:16 - [TEST_CASE][FAILED] - Test Cases/Human_Resources/delete_user: Test Cases/Human_Resources/delete_user FAILED.
Reason:
com.kms.katalon.core.exception.StepFailedException: Unable to set text 'Automated' of object 'Object Repository/user_list/userlist_search_bar'
	at com.kms.katalon.core.webui.keyword.internal.WebUIKeywordMain.stepFailed(WebUIKeywordMain.groovy:64)
	at com.kms.katalon.core.webui.keyword.internal.WebUIKeywordMain.runKeyword(WebUIKeywordMain.groovy:26)
	at com.kms.katalon.core.webui.keyword.builtin.SetTextKeyword.setText(SetTextKeyword.groovy:65)
	at com.kms.katalon.core.webui.keyword.builtin.SetTextKeyword.execute(SetTextKeyword.groovy:37)
	at com.kms.katalon.core.keyword.internal.KeywordExecutor.executeKeywordForPlatform(KeywordExecutor.groovy:56)
	at com.kms.katalon.core.webui.keyword.WebUiBuiltInKeywords.setText(WebUiBuiltInKeywords.groovy:950)
	at com.kms.katalon.core.webui.keyword.WebUiBuiltInKeywords$setText$1.call(Unknown Source)
	at delete_user.run(delete_user:18)
	at com.kms.katalon.core.main.ScriptEngine.run(ScriptEngine.java:194)
	at com.kms.katalon.core.main.ScriptEngine.runScriptAsRawText(ScriptEngine.java:119)
	at com.kms.katalon.core.main.TestCaseExecutor.runScript(TestCaseExecutor.java:331)
	at com.kms.katalon.core.main.TestCaseExecutor.doExecute(TestCaseExecutor.java:322)
	at com.kms.katalon.core.main.TestCaseExecutor.processExecutionPhase(TestCaseExecutor.java:301)
	at com.kms.katalon.core.main.TestCaseExecutor.accessMainPhase(TestCaseExecutor.java:293)
	at com.kms.katalon.core.main.TestCaseExecutor.execute(TestCaseExecutor.java:227)
	at com.kms.katalon.core.main.TestSuiteExecutor.accessTestCaseMainPhase(TestSuiteExecutor.java:129)
	at com.kms.katalon.core.main.TestSuiteExecutor.accessTestSuiteMainPhase(TestSuiteExecutor.java:112)
	at com.kms.katalon.core.main.TestSuiteExecutor.execute(TestSuiteExecutor.java:81)
	at com.kms.katalon.core.main.TestCaseMain.startTestSuite(TestCaseMain.java:157)
	at com.kms.katalon.core.main.TestCaseMain$startTestSuite$0.call(Unknown Source)
	at TempTestSuite1559886854234.run(TempTestSuite1559886854234.groovy:35)
Caused by: com.kms.katalon.core.webui.exception.WebElementNotFoundException: Web element with id: 'Object Repository/user_list/userlist_search_bar' located by 'By.cssSelector: #searchbar__wrapper > div > input' not found
	at com.kms.katalon.core.webui.common.WebUiCommonHelper.findWebElement(WebUiCommonHelper.java:1053)
	at com.kms.katalon.core.webui.keyword.internal.WebUIAbstractKeyword.findWebElement(WebUIAbstractKeyword.groovy:27)
	at com.kms.katalon.core.webui.keyword.internal.WebUIAbstractKeyword.findWebElement(WebUIAbstractKeyword.groovy:26)
	at com.kms.katalon.core.webui.keyword.builtin.SetTextKeyword$_setText_closure1.doCall(SetTextKeyword.groovy:51)
	at com.kms.katalon.core.webui.keyword.builtin.SetTextKeyword$_setText_closure1.call(SetTextKeyword.groovy)
	at com.kms.katalon.core.webui.keyword.internal.WebUIKeywordMain.runKeyword(WebUIKeywordMain.groovy:20)
	at com.kms.katalon.core.webui.keyword.builtin.SetTextKeyword.setText(SetTextKeyword.groovy:65)
	at com.kms.katalon.core.webui.keyword.builtin.SetTextKeyword.execute(SetTextKeyword.groovy:37)
	at com.kms.katalon.core.keyword.internal.KeywordExecutor.executeKeywordForPlatform(KeywordExecutor.groovy:56)
	at com.kms.katalon.core.webui.keyword.WebUiBuiltInKeywords.setText(WebUiBuiltInKeywords.groovy:950)
	at com.kms.katalon.core.webui.keyword.WebUiBuiltInKeywords$setText$1.call(Unknown Source)
	at Script1559886447733.run(Script1559886447733.groovy:18)
	... 13 more


2019-06-07 13:56:16 - [TEST_STEP][PASSED] - delay(5): Delayed 5 second(s)

2019-06-07 13:56:21 - [MESSAGE][PASSED] - Delayed 5 second(s)

2019-06-07 13:56:21 - [TEST_STEP][FAILED] - setText(findTestObject("user_list/userlist_search_bar"), "Automated"): setText(findTestObject("user_list/userlist_search_bar"), "Automated") FAILED.
Reason:
com.kms.katalon.core.exception.StepFailedException: Unable to set text 'Automated' of object 'Object Repository/user_list/userlist_search_bar'
	at com.kms.katalon.core.webui.keyword.internal.WebUIKeywordMain.stepFailed(WebUIKeywordMain.groovy:64)
	at com.kms.katalon.core.webui.keyword.internal.WebUIKeywordMain.runKeyword(WebUIKeywordMain.groovy:26)
	at com.kms.katalon.core.webui.keyword.builtin.SetTextKeyword.setText(SetTextKeyword.groovy:65)
	at com.kms.katalon.core.webui.keyword.builtin.SetTextKeyword.execute(SetTextKeyword.groovy:37)
	at com.kms.katalon.core.keyword.internal.KeywordExecutor.executeKeywordForPlatform(KeywordExecutor.groovy:56)
	at com.kms.katalon.core.webui.keyword.WebUiBuiltInKeywords.setText(WebUiBuiltInKeywords.groovy:950)
	at com.kms.katalon.core.webui.keyword.WebUiBuiltInKeywords$setText$1.call(Unknown Source)
	at delete_user.run(delete_user:18)
	at com.kms.katalon.core.main.ScriptEngine.run(ScriptEngine.java:194)
	at com.kms.katalon.core.main.ScriptEngine.runScriptAsRawText(ScriptEngine.java:119)
	at com.kms.katalon.core.main.TestCaseExecutor.runScript(TestCaseExecutor.java:331)
	at com.kms.katalon.core.main.TestCaseExecutor.doExecute(TestCaseExecutor.java:322)
	at com.kms.katalon.core.main.TestCaseExecutor.processExecutionPhase(TestCaseExecutor.java:301)
	at com.kms.katalon.core.main.TestCaseExecutor.accessMainPhase(TestCaseExecutor.java:293)
	at com.kms.katalon.core.main.TestCaseExecutor.execute(TestCaseExecutor.java:227)
	at com.kms.katalon.core.main.TestSuiteExecutor.accessTestCaseMainPhase(TestSuiteExecutor.java:129)
	at com.kms.katalon.core.main.TestSuiteExecutor.accessTestSuiteMainPhase(TestSuiteExecutor.java:112)
	at com.kms.katalon.core.main.TestSuiteExecutor.execute(TestSuiteExecutor.java:81)
	at com.kms.katalon.core.main.TestCaseMain.startTestSuite(TestCaseMain.java:157)
	at com.kms.katalon.core.main.TestCaseMain$startTestSuite$0.call(Unknown Source)
	at TempTestSuite1559886854234.run(TempTestSuite1559886854234.groovy:35)
Caused by: com.kms.katalon.core.webui.exception.WebElementNotFoundException: Web element with id: 'Object Repository/user_list/userlist_search_bar' located by 'By.cssSelector: #searchbar__wrapper > div > input' not found
	at com.kms.katalon.core.webui.common.WebUiCommonHelper.findWebElement(WebUiCommonHelper.java:1053)
	at com.kms.katalon.core.webui.keyword.internal.WebUIAbstractKeyword.findWebElement(WebUIAbstractKeyword.groovy:27)
	at com.kms.katalon.core.webui.keyword.internal.WebUIAbstractKeyword.findWebElement(WebUIAbstractKeyword.groovy:26)
	at com.kms.katalon.core.webui.keyword.builtin.SetTextKeyword$_setText_closure1.doCall(SetTextKeyword.groovy:51)
	at com.kms.katalon.core.webui.keyword.builtin.SetTextKeyword$_setText_closure1.call(SetTextKeyword.groovy)
	at com.kms.katalon.core.webui.keyword.internal.WebUIKeywordMain.runKeyword(WebUIKeywordMain.groovy:20)
	at com.kms.katalon.core.webui.keyword.builtin.SetTextKeyword.setText(SetTextKeyword.groovy:65)
	at com.kms.katalon.core.webui.keyword.builtin.SetTextKeyword.execute(SetTextKeyword.groovy:37)
	at com.kms.katalon.core.keyword.internal.KeywordExecutor.executeKeywordForPlatform(KeywordExecutor.groovy:56)
	at com.kms.katalon.core.webui.keyword.WebUiBuiltInKeywords.setText(WebUiBuiltInKeywords.groovy:950)
	at com.kms.katalon.core.webui.keyword.WebUiBuiltInKeywords$setText$1.call(Unknown Source)
	at Script1559886447733.run(Script1559886447733.groovy:18)
	... 13 more


2019-06-07 13:56:53 - [MESSAGE][INFO] - Unable to find the element located by 'By.cssSelector: #searchbar__wrapper > div > input'. Please recheck the objects properties to make sure the desired element is located. 

2019-06-07 13:56:53 - [MESSAGE][FAILED] - Unable to set text 'Automated' of object 'Object Repository/user_list/userlist_search_bar' (Root cause: com.kms.katalon.core.exception.StepFailedException: Unable to set text 'Automated' of object 'Object Repository/user_list/userlist_search_bar'
	at com.kms.katalon.core.webui.keyword.internal.WebUIKeywordMain.stepFailed(WebUIKeywordMain.groovy:64)
	at com.kms.katalon.core.webui.keyword.internal.WebUIKeywordMain.runKeyword(WebUIKeywordMain.groovy:26)
	at com.kms.katalon.core.webui.keyword.builtin.SetTextKeyword.setText(SetTextKeyword.groovy:65)
	at com.kms.katalon.core.webui.keyword.builtin.SetTextKeyword.execute(SetTextKeyword.groovy:37)
	at com.kms.katalon.core.keyword.internal.KeywordExecutor.executeKeywordForPlatform(KeywordExecutor.groovy:56)
	at com.kms.katalon.core.webui.keyword.WebUiBuiltInKeywords.setText(WebUiBuiltInKeywords.groovy:950)
	at com.kms.katalon.core.webui.keyword.WebUiBuiltInKeywords$setText$1.call(Unknown Source)
	at delete_user.run(delete_user:18)
	at com.kms.katalon.core.main.ScriptEngine.run(ScriptEngine.java:194)
	at com.kms.katalon.core.main.ScriptEngine.runScriptAsRawText(ScriptEngine.java:119)
	at com.kms.katalon.core.main.TestCaseExecutor.runScript(TestCaseExecutor.java:331)
	at com.kms.katalon.core.main.TestCaseExecutor.doExecute(TestCaseExecutor.java:322)
	at com.kms.katalon.core.main.TestCaseExecutor.processExecutionPhase(TestCaseExecutor.java:301)
	at com.kms.katalon.core.main.TestCaseExecutor.accessMainPhase(TestCaseExecutor.java:293)
	at com.kms.katalon.core.main.TestCaseExecutor.execute(TestCaseExecutor.java:227)
	at com.kms.katalon.core.main.TestSuiteExecutor.accessTestCaseMainPhase(TestSuiteExecutor.java:129)
	at com.kms.katalon.core.main.TestSuiteExecutor.accessTestSuiteMainPhase(TestSuiteExecutor.java:112)
	at com.kms.katalon.core.main.TestSuiteExecutor.execute(TestSuiteExecutor.java:81)
	at com.kms.katalon.core.main.TestCaseMain.startTestSuite(TestCaseMain.java:157)
	at com.kms.katalon.core.main.TestCaseMain$startTestSuite$0.call(Unknown Source)
	at TempTestSuite1559886854234.run(TempTestSuite1559886854234.groovy:35)
Caused by: com.kms.katalon.core.webui.exception.WebElementNotFoundException: Web element with id: 'Object Repository/user_list/userlist_search_bar' located by 'By.cssSelector: #searchbar__wrapper > div > input' not found
	at com.kms.katalon.core.webui.common.WebUiCommonHelper.findWebElement(WebUiCommonHelper.java:1053)
	at com.kms.katalon.core.webui.keyword.internal.WebUIAbstractKeyword.findWebElement(WebUIAbstractKeyword.groovy:27)
	at com.kms.katalon.core.webui.keyword.internal.WebUIAbstractKeyword.findWebElement(WebUIAbstractKeyword.groovy:26)
	at com.kms.katalon.core.webui.keyword.builtin.SetTextKeyword$_setText_closure1.doCall(SetTextKeyword.groovy:51)
	at com.kms.katalon.core.webui.keyword.builtin.SetTextKeyword$_setText_closure1.call(SetTextKeyword.groovy)
	at com.kms.katalon.core.webui.keyword.internal.WebUIKeywordMain.runKeyword(WebUIKeywordMain.groovy:20)
	at com.kms.katalon.core.webui.keyword.builtin.SetTextKeyword.setText(SetTextKeyword.groovy:65)
	at com.kms.katalon.core.webui.keyword.builtin.SetTextKeyword.execute(SetTextKeyword.groovy:37)
	at com.kms.katalon.core.keyword.internal.KeywordExecutor.executeKeywordForPlatform(KeywordExecutor.groovy:56)
	at com.kms.katalon.core.webui.keyword.WebUiBuiltInKeywords.setText(WebUiBuiltInKeywords.groovy:950)
	at com.kms.katalon.core.webui.keyword.WebUiBuiltInKeywords$setText$1.call(Unknown Source)
	at Script1559886447733.run(Script1559886447733.groovy:18)
	... 13 more
)
[[ATTACHMENT|C:\\Users\\Khenard Figuracion\\git\\healthcareProject-neww\\Reports\\Human_Resources\\add_to_delete_user\\20190607_135413\\1559887013144.png]]

2019-06-07 13:56:53 - [MESSAGE][FAILED] - setText(findTestObject("user_list/userlist_search_bar"), "Automated") FAILED.
Reason:
com.kms.katalon.core.exception.StepFailedException: Unable to set text 'Automated' of object 'Object Repository/user_list/userlist_search_bar'
	at com.kms.katalon.core.webui.keyword.internal.WebUIKeywordMain.stepFailed(WebUIKeywordMain.groovy:64)
	at com.kms.katalon.core.webui.keyword.internal.WebUIKeywordMain.runKeyword(WebUIKeywordMain.groovy:26)
	at com.kms.katalon.core.webui.keyword.builtin.SetTextKeyword.setText(SetTextKeyword.groovy:65)
	at com.kms.katalon.core.webui.keyword.builtin.SetTextKeyword.execute(SetTextKeyword.groovy:37)
	at com.kms.katalon.core.keyword.internal.KeywordExecutor.executeKeywordForPlatform(KeywordExecutor.groovy:56)
	at com.kms.katalon.core.webui.keyword.WebUiBuiltInKeywords.setText(WebUiBuiltInKeywords.groovy:950)
	at com.kms.katalon.core.webui.keyword.WebUiBuiltInKeywords$setText$1.call(Unknown Source)
	at delete_user.run(delete_user:18)
	at com.kms.katalon.core.main.ScriptEngine.run(ScriptEngine.java:194)
	at com.kms.katalon.core.main.ScriptEngine.runScriptAsRawText(ScriptEngine.java:119)
	at com.kms.katalon.core.main.TestCaseExecutor.runScript(TestCaseExecutor.java:331)
	at com.kms.katalon.core.main.TestCaseExecutor.doExecute(TestCaseExecutor.java:322)
	at com.kms.katalon.core.main.TestCaseExecutor.processExecutionPhase(TestCaseExecutor.java:301)
	at com.kms.katalon.core.main.TestCaseExecutor.accessMainPhase(TestCaseExecutor.java:293)
	at com.kms.katalon.core.main.TestCaseExecutor.execute(TestCaseExecutor.java:227)
	at com.kms.katalon.core.main.TestSuiteExecutor.accessTestCaseMainPhase(TestSuiteExecutor.java:129)
	at com.kms.katalon.core.main.TestSuiteExecutor.accessTestSuiteMainPhase(TestSuiteExecutor.java:112)
	at com.kms.katalon.core.main.TestSuiteExecutor.execute(TestSuiteExecutor.java:81)
	at com.kms.katalon.core.main.TestCaseMain.startTestSuite(TestCaseMain.java:157)
	at com.kms.katalon.core.main.TestCaseMain$startTestSuite$0.call(Unknown Source)
	at TempTestSuite1559886854234.run(TempTestSuite1559886854234.groovy:35)
Caused by: com.kms.katalon.core.webui.exception.WebElementNotFoundException: Web element with id: 'Object Repository/user_list/userlist_search_bar' located by 'By.cssSelector: #searchbar__wrapper > div > input' not found
	at com.kms.katalon.core.webui.common.WebUiCommonHelper.findWebElement(WebUiCommonHelper.java:1053)
	at com.kms.katalon.core.webui.keyword.internal.WebUIAbstractKeyword.findWebElement(WebUIAbstractKeyword.groovy:27)
	at com.kms.katalon.core.webui.keyword.internal.WebUIAbstractKeyword.findWebElement(WebUIAbstractKeyword.groovy:26)
	at com.kms.katalon.core.webui.keyword.builtin.SetTextKeyword$_setText_closure1.doCall(SetTextKeyword.groovy:51)
	at com.kms.katalon.core.webui.keyword.builtin.SetTextKeyword$_setText_closure1.call(SetTextKeyword.groovy)
	at com.kms.katalon.core.webui.keyword.internal.WebUIKeywordMain.runKeyword(WebUIKeywordMain.groovy:20)
	at com.kms.katalon.core.webui.keyword.builtin.SetTextKeyword.setText(SetTextKeyword.groovy:65)
	at com.kms.katalon.core.webui.keyword.builtin.SetTextKeyword.execute(SetTextKeyword.groovy:37)
	at com.kms.katalon.core.keyword.internal.KeywordExecutor.executeKeywordForPlatform(KeywordExecutor.groovy:56)
	at com.kms.katalon.core.webui.keyword.WebUiBuiltInKeywords.setText(WebUiBuiltInKeywords.groovy:950)
	at com.kms.katalon.core.webui.keyword.WebUiBuiltInKeywords$setText$1.call(Unknown Source)
	at Script1559886447733.run(Script1559886447733.groovy:18)
	... 13 more]]></system-out>
         <system-err><![CDATA[2019-06-07 13:56:16 - [TEST_CASE][FAILED] - Test Cases/Human_Resources/delete_user: Test Cases/Human_Resources/delete_user FAILED.
Reason:
com.kms.katalon.core.exception.StepFailedException: Unable to set text 'Automated' of object 'Object Repository/user_list/userlist_search_bar'
	at com.kms.katalon.core.webui.keyword.internal.WebUIKeywordMain.stepFailed(WebUIKeywordMain.groovy:64)
	at com.kms.katalon.core.webui.keyword.internal.WebUIKeywordMain.runKeyword(WebUIKeywordMain.groovy:26)
	at com.kms.katalon.core.webui.keyword.builtin.SetTextKeyword.setText(SetTextKeyword.groovy:65)
	at com.kms.katalon.core.webui.keyword.builtin.SetTextKeyword.execute(SetTextKeyword.groovy:37)
	at com.kms.katalon.core.keyword.internal.KeywordExecutor.executeKeywordForPlatform(KeywordExecutor.groovy:56)
	at com.kms.katalon.core.webui.keyword.WebUiBuiltInKeywords.setText(WebUiBuiltInKeywords.groovy:950)
	at com.kms.katalon.core.webui.keyword.WebUiBuiltInKeywords$setText$1.call(Unknown Source)
	at delete_user.run(delete_user:18)
	at com.kms.katalon.core.main.ScriptEngine.run(ScriptEngine.java:194)
	at com.kms.katalon.core.main.ScriptEngine.runScriptAsRawText(ScriptEngine.java:119)
	at com.kms.katalon.core.main.TestCaseExecutor.runScript(TestCaseExecutor.java:331)
	at com.kms.katalon.core.main.TestCaseExecutor.doExecute(TestCaseExecutor.java:322)
	at com.kms.katalon.core.main.TestCaseExecutor.processExecutionPhase(TestCaseExecutor.java:301)
	at com.kms.katalon.core.main.TestCaseExecutor.accessMainPhase(TestCaseExecutor.java:293)
	at com.kms.katalon.core.main.TestCaseExecutor.execute(TestCaseExecutor.java:227)
	at com.kms.katalon.core.main.TestSuiteExecutor.accessTestCaseMainPhase(TestSuiteExecutor.java:129)
	at com.kms.katalon.core.main.TestSuiteExecutor.accessTestSuiteMainPhase(TestSuiteExecutor.java:112)
	at com.kms.katalon.core.main.TestSuiteExecutor.execute(TestSuiteExecutor.java:81)
	at com.kms.katalon.core.main.TestCaseMain.startTestSuite(TestCaseMain.java:157)
	at com.kms.katalon.core.main.TestCaseMain$startTestSuite$0.call(Unknown Source)
	at TempTestSuite1559886854234.run(TempTestSuite1559886854234.groovy:35)
Caused by: com.kms.katalon.core.webui.exception.WebElementNotFoundException: Web element with id: 'Object Repository/user_list/userlist_search_bar' located by 'By.cssSelector: #searchbar__wrapper > div > input' not found
	at com.kms.katalon.core.webui.common.WebUiCommonHelper.findWebElement(WebUiCommonHelper.java:1053)
	at com.kms.katalon.core.webui.keyword.internal.WebUIAbstractKeyword.findWebElement(WebUIAbstractKeyword.groovy:27)
	at com.kms.katalon.core.webui.keyword.internal.WebUIAbstractKeyword.findWebElement(WebUIAbstractKeyword.groovy:26)
	at com.kms.katalon.core.webui.keyword.builtin.SetTextKeyword$_setText_closure1.doCall(SetTextKeyword.groovy:51)
	at com.kms.katalon.core.webui.keyword.builtin.SetTextKeyword$_setText_closure1.call(SetTextKeyword.groovy)
	at com.kms.katalon.core.webui.keyword.internal.WebUIKeywordMain.runKeyword(WebUIKeywordMain.groovy:20)
	at com.kms.katalon.core.webui.keyword.builtin.SetTextKeyword.setText(SetTextKeyword.groovy:65)
	at com.kms.katalon.core.webui.keyword.builtin.SetTextKeyword.execute(SetTextKeyword.groovy:37)
	at com.kms.katalon.core.keyword.internal.KeywordExecutor.executeKeywordForPlatform(KeywordExecutor.groovy:56)
	at com.kms.katalon.core.webui.keyword.WebUiBuiltInKeywords.setText(WebUiBuiltInKeywords.groovy:950)
	at com.kms.katalon.core.webui.keyword.WebUiBuiltInKeywords$setText$1.call(Unknown Source)
	at Script1559886447733.run(Script1559886447733.groovy:18)
	... 13 more]]></system-err>
      </testcase>
      <system-out><![CDATA[2019-06-07 13:54:15 - [TEST_SUITE][ERROR] - add_to_delete_user: Test Cases/Human_Resources/add_user FAILED.
Reason:
com.kms.katalon.core.exception.KatalonRuntimeException: Could not evaluate default value for variable: date_today of profile: default. Details: No such property: current for class: Script12
	at com.kms.katalon.core.main.TestCaseMain.getGlobalVariables(TestCaseMain.java:186)
	at com.kms.katalon.core.main.TestCaseMain$getGlobalVariables$1.call(Unknown Source)
	at internal.GlobalVariable.<clinit>(GlobalVariable.groovy:75)
	at add_user.run(add_user:79)
	at com.kms.katalon.core.main.ScriptEngine.run(ScriptEngine.java:194)
	at com.kms.katalon.core.main.ScriptEngine.runScriptAsRawText(ScriptEngine.java:119)
	at com.kms.katalon.core.main.TestCaseExecutor.runScript(TestCaseExecutor.java:331)
	at com.kms.katalon.core.main.TestCaseExecutor.doExecute(TestCaseExecutor.java:322)
	at com.kms.katalon.core.main.TestCaseExecutor.processExecutionPhase(TestCaseExecutor.java:301)
	at com.kms.katalon.core.main.TestCaseExecutor.accessMainPhase(TestCaseExecutor.java:293)
	at com.kms.katalon.core.main.TestCaseExecutor.execute(TestCaseExecutor.java:227)
	at com.kms.katalon.core.main.TestSuiteExecutor.accessTestCaseMainPhase(TestSuiteExecutor.java:129)
	at com.kms.katalon.core.main.TestSuiteExecutor.accessTestSuiteMainPhase(TestSuiteExecutor.java:112)
	at com.kms.katalon.core.main.TestSuiteExecutor.execute(TestSuiteExecutor.java:81)
	at com.kms.katalon.core.main.TestCaseMain.startTestSuite(TestCaseMain.java:157)
	at com.kms.katalon.core.main.TestCaseMain$startTestSuite$0.call(Unknown Source)
	at TempTestSuite1559886854234.run(TempTestSuite1559886854234.groovy:35)
Caused by: groovy.lang.MissingPropertyException: No such property: current for class: Script12
	at Script12.run(Script12.groovy:1)
	at com.kms.katalon.core.main.ScriptEngine.runScriptWithoutLogging(ScriptEngine.java:105)
	at com.kms.katalon.core.main.TestCaseMain.getGlobalVariables(TestCaseMain.java:184)
	at com.kms.katalon.core.main.TestCaseMain$getGlobalVariables$1.call(Unknown Source)
	at internal.GlobalVariable.<clinit>(GlobalVariable.groovy:75)
	at Script1559801124315.run(Script1559801124315.groovy:79)
	... 13 more]]></system-out>
      <system-err><![CDATA[2019-06-07 13:54:15 - [TEST_SUITE][ERROR] - add_to_delete_user: Test Cases/Human_Resources/add_user FAILED.
Reason:
com.kms.katalon.core.exception.KatalonRuntimeException: Could not evaluate default value for variable: date_today of profile: default. Details: No such property: current for class: Script12
	at com.kms.katalon.core.main.TestCaseMain.getGlobalVariables(TestCaseMain.java:186)
	at com.kms.katalon.core.main.TestCaseMain$getGlobalVariables$1.call(Unknown Source)
	at internal.GlobalVariable.<clinit>(GlobalVariable.groovy:75)
	at add_user.run(add_user:79)
	at com.kms.katalon.core.main.ScriptEngine.run(ScriptEngine.java:194)
	at com.kms.katalon.core.main.ScriptEngine.runScriptAsRawText(ScriptEngine.java:119)
	at com.kms.katalon.core.main.TestCaseExecutor.runScript(TestCaseExecutor.java:331)
	at com.kms.katalon.core.main.TestCaseExecutor.doExecute(TestCaseExecutor.java:322)
	at com.kms.katalon.core.main.TestCaseExecutor.processExecutionPhase(TestCaseExecutor.java:301)
	at com.kms.katalon.core.main.TestCaseExecutor.accessMainPhase(TestCaseExecutor.java:293)
	at com.kms.katalon.core.main.TestCaseExecutor.execute(TestCaseExecutor.java:227)
	at com.kms.katalon.core.main.TestSuiteExecutor.accessTestCaseMainPhase(TestSuiteExecutor.java:129)
	at com.kms.katalon.core.main.TestSuiteExecutor.accessTestSuiteMainPhase(TestSuiteExecutor.java:112)
	at com.kms.katalon.core.main.TestSuiteExecutor.execute(TestSuiteExecutor.java:81)
	at com.kms.katalon.core.main.TestCaseMain.startTestSuite(TestCaseMain.java:157)
	at com.kms.katalon.core.main.TestCaseMain$startTestSuite$0.call(Unknown Source)
	at TempTestSuite1559886854234.run(TempTestSuite1559886854234.groovy:35)
Caused by: groovy.lang.MissingPropertyException: No such property: current for class: Script12
	at Script12.run(Script12.groovy:1)
	at com.kms.katalon.core.main.ScriptEngine.runScriptWithoutLogging(ScriptEngine.java:105)
	at com.kms.katalon.core.main.TestCaseMain.getGlobalVariables(TestCaseMain.java:184)
	at com.kms.katalon.core.main.TestCaseMain$getGlobalVariables$1.call(Unknown Source)
	at internal.GlobalVariable.<clinit>(GlobalVariable.groovy:75)
	at Script1559801124315.run(Script1559801124315.groovy:79)
	... 13 more]]></system-err>
   </testsuite>
</testsuites>
